mode: set
github.com/anthropic/swisseph-mcp/pkg/export/export.go:35.25,37.2 1 1
github.com/anthropic/swisseph-mcp/pkg/export/export.go:40.37,41.13 1 1
github.com/anthropic/swisseph-mcp/pkg/export/export.go:41.13,43.3 1 1
github.com/anthropic/swisseph-mcp/pkg/export/export.go:44.2,44.14 1 1
github.com/anthropic/swisseph-mcp/pkg/export/export.go:48.52,49.23 1 1
github.com/anthropic/swisseph-mcp/pkg/export/export.go:50.27,51.46 1 1
github.com/anthropic/swisseph-mcp/pkg/export/export.go:52.31,55.24 2 1
github.com/anthropic/swisseph-mcp/pkg/export/export.go:56.28,57.24 1 1
github.com/anthropic/swisseph-mcp/pkg/export/export.go:58.11,59.21 1 1
github.com/anthropic/swisseph-mcp/pkg/export/export.go:61.32,62.17 1 1
github.com/anthropic/swisseph-mcp/pkg/export/export.go:63.10,66.25 3 1
github.com/anthropic/swisseph-mcp/pkg/export/export.go:71.63,79.16 3 1
github.com/anthropic/swisseph-mcp/pkg/export/export.go:79.16,81.18 2 1
github.com/anthropic/swisseph-mcp/pkg/export/export.go:81.18,84.4 2 1
github.com/anthropic/swisseph-mcp/pkg/export/export.go:87.2,89.23 2 1
github.com/anthropic/swisseph-mcp/pkg/export/export.go:90.27,97.44 7 1
github.com/anthropic/swisseph-mcp/pkg/export/export.go:99.31,111.44 12 1
github.com/anthropic/swisseph-mcp/pkg/export/export.go:113.32,125.50 12 1
github.com/anthropic/swisseph-mcp/pkg/export/export.go:127.32,136.44 9 1
github.com/anthropic/swisseph-mcp/pkg/export/export.go:138.10,151.50 12 1
github.com/anthropic/swisseph-mcp/pkg/export/export.go:154.2,154.12 1 1
github.com/anthropic/swisseph-mcp/pkg/export/export.go:158.34,162.31 3 1
github.com/anthropic/swisseph-mcp/pkg/export/export.go:162.31,164.3 1 1
github.com/anthropic/swisseph-mcp/pkg/export/export.go:165.2,165.10 1 1
github.com/anthropic/swisseph-mcp/pkg/export/export.go:169.38,171.27 1 1
github.com/anthropic/swisseph-mcp/pkg/export/export.go:171.27,176.3 1 1
github.com/anthropic/swisseph-mcp/pkg/export/export.go:178.2,182.47 1 1
github.com/anthropic/swisseph-mcp/pkg/export/export.go:188.82,189.19 1 1
github.com/anthropic/swisseph-mcp/pkg/export/export.go:189.19,191.3 1 1
github.com/anthropic/swisseph-mcp/pkg/export/export.go:192.2,195.29 4 1
github.com/anthropic/swisseph-mcp/pkg/export/export.go:195.29,200.3 4 1
github.com/anthropic/swisseph-mcp/pkg/export/export.go:201.2,201.20 1 1
github.com/anthropic/swisseph-mcp/pkg/export/export.go:205.65,209.16 2 1
github.com/anthropic/swisseph-mcp/pkg/export/export.go:209.16,211.3 1 0
github.com/anthropic/swisseph-mcp/pkg/export/export.go:212.2,212.26 1 1
github.com/anthropic/swisseph-mcp/pkg/chart/chart.go:13.148,18.16 3 1
github.com/anthropic/swisseph-mcp/pkg/chart/chart.go:18.16,20.3 1 0
github.com/anthropic/swisseph-mcp/pkg/chart/chart.go:23.2,24.16 2 1
github.com/anthropic/swisseph-mcp/pkg/chart/chart.go:24.16,26.3 1 0
github.com/anthropic/swisseph-mcp/pkg/chart/chart.go:28.2,29.26 2 1
github.com/anthropic/swisseph-mcp/pkg/chart/chart.go:29.26,31.3 1 1
github.com/anthropic/swisseph-mcp/pkg/chart/chart.go:33.2,44.30 4 1
github.com/anthropic/swisseph-mcp/pkg/chart/chart.go:44.30,46.17 2 1
github.com/anthropic/swisseph-mcp/pkg/chart/chart.go:46.17,48.4 1 0
github.com/anthropic/swisseph-mcp/pkg/chart/chart.go:49.3,54.5 2 1
github.com/anthropic/swisseph-mcp/pkg/chart/chart.go:58.2,65.8 2 1
github.com/anthropic/swisseph-mcp/pkg/chart/chart.go:74.75,78.16 2 1
github.com/anthropic/swisseph-mcp/pkg/chart/chart.go:78.16,80.3 1 0
github.com/anthropic/swisseph-mcp/pkg/chart/chart.go:83.2,84.16 2 1
github.com/anthropic/swisseph-mcp/pkg/chart/chart.go:84.16,86.3 1 0
github.com/anthropic/swisseph-mcp/pkg/chart/chart.go:89.2,91.39 2 1
github.com/anthropic/swisseph-mcp/pkg/chart/chart.go:91.39,97.3 1 1
github.com/anthropic/swisseph-mcp/pkg/chart/chart.go:98.2,98.39 1 1
github.com/anthropic/swisseph-mcp/pkg/chart/chart.go:98.39,104.3 1 1
github.com/anthropic/swisseph-mcp/pkg/chart/chart.go:107.2,107.26 1 1
github.com/anthropic/swisseph-mcp/pkg/chart/chart.go:107.26,115.3 4 1
github.com/anthropic/swisseph-mcp/pkg/chart/chart.go:117.2,119.50 2 1
github.com/anthropic/swisseph-mcp/pkg/chart/chart.go:123.140,125.35 1 1
github.com/anthropic/swisseph-mcp/pkg/chart/chart.go:125.35,127.17 2 1
github.com/anthropic/swisseph-mcp/pkg/chart/chart.go:127.17,129.4 1 0
github.com/anthropic/swisseph-mcp/pkg/chart/chart.go:130.3,140.9 2 1
github.com/anthropic/swisseph-mcp/pkg/chart/chart.go:143.2,144.9 2 1
github.com/anthropic/swisseph-mcp/pkg/chart/chart.go:144.9,146.3 1 0
github.com/anthropic/swisseph-mcp/pkg/chart/chart.go:148.2,149.16 2 1
github.com/anthropic/swisseph-mcp/pkg/chart/chart.go:149.16,151.3 1 0
github.com/anthropic/swisseph-mcp/pkg/chart/chart.go:153.2,164.8 2 1
github.com/anthropic/swisseph-mcp/pkg/chart/chart.go:168.86,170.16 2 1
github.com/anthropic/swisseph-mcp/pkg/chart/chart.go:170.16,172.3 1 0
github.com/anthropic/swisseph-mcp/pkg/chart/chart.go:173.2,173.17 1 1
github.com/anthropic/swisseph-mcp/pkg/chart/chart.go:177.50,178.21 1 1
github.com/anthropic/swisseph-mcp/pkg/chart/chart.go:178.21,180.3 1 1
github.com/anthropic/swisseph-mcp/pkg/chart/chart.go:181.2,181.26 1 1
github.com/anthropic/swisseph-mcp/pkg/chart/chart.go:181.26,185.14 4 1
github.com/anthropic/swisseph-mcp/pkg/chart/chart.go:185.14,186.29 1 1
github.com/anthropic/swisseph-mcp/pkg/chart/chart.go:186.29,188.5 1 1
github.com/anthropic/swisseph-mcp/pkg/chart/chart.go:189.9,190.29 1 1
github.com/anthropic/swisseph-mcp/pkg/chart/chart.go:190.29,192.5 1 1
github.com/anthropic/swisseph-mcp/pkg/chart/chart.go:195.2,195.10 1 0
github.com/anthropic/swisseph-mcp/pkg/chart/chart.go:200.88,207.27 4 1
github.com/anthropic/swisseph-mcp/pkg/chart/chart.go:207.27,209.12 2 1
github.com/anthropic/swisseph-mcp/pkg/chart/chart.go:210.24,211.26 1 1
github.com/anthropic/swisseph-mcp/pkg/chart/chart.go:212.23,213.25 1 1
github.com/anthropic/swisseph-mcp/pkg/chart/chart.go:214.24,215.26 1 1
github.com/anthropic/swisseph-mcp/pkg/chart/chart.go:216.23,217.25 1 1
github.com/anthropic/swisseph-mcp/pkg/chart/chart.go:218.27,219.26 1 1
github.com/anthropic/swisseph-mcp/pkg/chart/chart.go:219.26,221.5 1 1
github.com/anthropic/swisseph-mcp/pkg/chart/chart.go:222.31,223.26 1 1
github.com/anthropic/swisseph-mcp/pkg/chart/chart.go:223.26,225.5 1 1
github.com/anthropic/swisseph-mcp/pkg/chart/chart.go:226.30,227.26 1 1
github.com/anthropic/swisseph-mcp/pkg/chart/chart.go:227.26,229.5 1 1
github.com/anthropic/swisseph-mcp/pkg/chart/chart.go:230.31,231.50 1 1
github.com/anthropic/swisseph-mcp/pkg/chart/chart.go:232.30,233.49 1 1
github.com/anthropic/swisseph-mcp/pkg/chart/chart.go:234.11,235.12 1 0
github.com/anthropic/swisseph-mcp/pkg/chart/chart.go:238.3,242.5 1 1
github.com/anthropic/swisseph-mcp/pkg/chart/chart.go:245.2,245.15 1 1
github.com/anthropic/swisseph-mcp/pkg/chart/chart.go:249.50,252.31 3 1
github.com/anthropic/swisseph-mcp/pkg/chart/chart.go:252.31,254.3 1 0
github.com/anthropic/swisseph-mcp/pkg/chart/chart.go:256.2,257.15 2 1
github.com/anthropic/swisseph-mcp/pkg/chart/chart.go:257.15,259.3 1 1
github.com/anthropic/swisseph-mcp/pkg/chart/chart.go:260.2,260.69 1 1
github.com/anthropic/swisseph-mcp/pkg/chart/chart.go:264.49,267.31 3 1
github.com/anthropic/swisseph-mcp/pkg/chart/chart.go:267.31,269.3 1 0
github.com/anthropic/swisseph-mcp/pkg/chart/chart.go:270.2,271.15 2 1
github.com/anthropic/swisseph-mcp/pkg/chart/chart.go:271.15,273.3 1 1
github.com/anthropic/swisseph-mcp/pkg/chart/chart.go:274.2,274.69 1 1
github.com/anthropic/swisseph-mcp/pkg/chart/chart.go:278.43,283.2 3 1
github.com/anthropic/swisseph-mcp/pkg/chart/chart.go:286.107,287.35 1 1
github.com/anthropic/swisseph-mcp/pkg/chart/chart.go:287.35,290.17 3 1
github.com/anthropic/swisseph-mcp/pkg/chart/chart.go:290.17,292.4 1 0
github.com/anthropic/swisseph-mcp/pkg/chart/chart.go:293.3,293.69 1 1
github.com/anthropic/swisseph-mcp/pkg/chart/chart.go:296.2,297.9 2 1
github.com/anthropic/swisseph-mcp/pkg/chart/chart.go:297.9,299.3 1 1
github.com/anthropic/swisseph-mcp/pkg/chart/chart.go:300.2,301.16 2 1
github.com/anthropic/swisseph-mcp/pkg/chart/chart.go:301.16,303.3 1 0
github.com/anthropic/swisseph-mcp/pkg/chart/chart.go:304.2,304.38 1 1
github.com/anthropic/swisseph-mcp/pkg/chart/chart.go:308.124,311.16 3 1
github.com/anthropic/swisseph-mcp/pkg/chart/chart.go:311.16,313.3 1 0
github.com/anthropic/swisseph-mcp/pkg/chart/chart.go:315.2,315.12 1 1
github.com/anthropic/swisseph-mcp/pkg/chart/chart.go:316.23,317.21 1 1
github.com/anthropic/swisseph-mcp/pkg/chart/chart.go:318.22,319.20 1 1
github.com/anthropic/swisseph-mcp/pkg/chart/chart.go:320.23,321.51 1 1
github.com/anthropic/swisseph-mcp/pkg/chart/chart.go:322.22,323.50 1 1
github.com/anthropic/swisseph-mcp/pkg/chart/chart.go:324.26,325.24 1 1
github.com/anthropic/swisseph-mcp/pkg/chart/chart.go:326.30,327.54 1 1
github.com/anthropic/swisseph-mcp/pkg/chart/chart.go:328.29,329.23 1 1
github.com/anthropic/swisseph-mcp/pkg/chart/chart.go:330.30,331.45 1 1
github.com/anthropic/swisseph-mcp/pkg/chart/chart.go:332.29,333.44 1 1
github.com/anthropic/swisseph-mcp/pkg/chart/chart.go:334.10,335.56 1 1
github.com/anthropic/swisseph-mcp/pkg/chart/chart.go:340.95,343.16 3 1
github.com/anthropic/swisseph-mcp/pkg/chart/chart.go:343.16,345.3 1 0
github.com/anthropic/swisseph-mcp/pkg/chart/chart.go:346.2,347.26 2 1
github.com/anthropic/swisseph-mcp/pkg/chart/chart.go:347.26,349.3 1 1
github.com/anthropic/swisseph-mcp/pkg/chart/chart.go:350.2,350.19 1 1
github.com/anthropic/swisseph-mcp/pkg/chart/chart.go:354.62,356.2 1 1
github.com/anthropic/swisseph-mcp/pkg/chart/chart.go:359.35,361.11 2 1
github.com/anthropic/swisseph-mcp/pkg/chart/chart.go:361.11,363.3 1 1
github.com/anthropic/swisseph-mcp/pkg/chart/chart.go:364.2,364.16 1 1
github.com/anthropic/swisseph-mcp/pkg/julian/julian.go:13.99,15.16 2 1
github.com/anthropic/swisseph-mcp/pkg/julian/julian.go:15.16,17.3 1 1
github.com/anthropic/swisseph-mcp/pkg/julian/julian.go:20.2,34.8 10 1
github.com/anthropic/swisseph-mcp/pkg/julian/julian.go:38.64,40.16 2 1
github.com/anthropic/swisseph-mcp/pkg/julian/julian.go:40.16,42.3 1 1
github.com/anthropic/swisseph-mcp/pkg/julian/julian.go:44.2,57.36 10 1
github.com/anthropic/swisseph-mcp/pkg/sweph/sweph.go:98.28,103.16 4 1
github.com/anthropic/swisseph-mcp/pkg/sweph/sweph.go:103.16,105.3 1 0
github.com/anthropic/swisseph-mcp/pkg/sweph/sweph.go:107.2,107.23 1 1
github.com/anthropic/swisseph-mcp/pkg/sweph/sweph.go:107.23,109.3 1 1
github.com/anthropic/swisseph-mcp/pkg/sweph/sweph.go:111.2,112.33 2 1
github.com/anthropic/swisseph-mcp/pkg/sweph/sweph.go:116.14,120.2 3 0
github.com/anthropic/swisseph-mcp/pkg/sweph/sweph.go:123.60,132.13 7 1
github.com/anthropic/swisseph-mcp/pkg/sweph/sweph.go:132.13,134.3 1 0
github.com/anthropic/swisseph-mcp/pkg/sweph/sweph.go:136.2,144.8 1 1
github.com/anthropic/swisseph-mcp/pkg/sweph/sweph.go:148.77,164.26 7 1
github.com/anthropic/swisseph-mcp/pkg/sweph/sweph.go:164.26,166.3 1 1
github.com/anthropic/swisseph-mcp/pkg/sweph/sweph.go:167.2,167.20 1 1
github.com/anthropic/swisseph-mcp/pkg/sweph/sweph.go:171.87,181.23 8 1
github.com/anthropic/swisseph-mcp/pkg/sweph/sweph.go:181.23,183.3 1 0
github.com/anthropic/swisseph-mcp/pkg/sweph/sweph.go:184.2,184.26 1 1
github.com/anthropic/swisseph-mcp/pkg/sweph/sweph.go:188.73,190.16 2 1
github.com/anthropic/swisseph-mcp/pkg/sweph/sweph.go:190.16,192.3 1 1
github.com/anthropic/swisseph-mcp/pkg/sweph/sweph.go:193.2,193.90 1 1
github.com/anthropic/swisseph-mcp/pkg/sweph/sweph.go:197.78,199.16 2 1
github.com/anthropic/swisseph-mcp/pkg/sweph/sweph.go:199.16,201.3 1 1
github.com/anthropic/swisseph-mcp/pkg/sweph/sweph.go:202.2,205.43 4 1
github.com/anthropic/swisseph-mcp/pkg/sweph/sweph.go:209.35,211.2 1 1
github.com/anthropic/swisseph-mcp/pkg/sweph/sweph.go:214.47,221.13 6 1
github.com/anthropic/swisseph-mcp/pkg/sweph/sweph.go:221.13,223.3 1 0
github.com/anthropic/swisseph-mcp/pkg/sweph/sweph.go:224.2,224.28 1 1
github.com/anthropic/swisseph-mcp/pkg/sweph/sweph.go:228.44,230.13 2 1
github.com/anthropic/swisseph-mcp/pkg/sweph/sweph.go:230.13,232.3 1 1
github.com/anthropic/swisseph-mcp/pkg/sweph/sweph.go:233.2,233.12 1 1
github.com/anthropic/swisseph-mcp/pkg/models/models.go:91.42,92.12 1 1
github.com/anthropic/swisseph-mcp/pkg/models/models.go:93.21,94.20 1 1
github.com/anthropic/swisseph-mcp/pkg/models/models.go:95.19,96.19 1 1
github.com/anthropic/swisseph-mcp/pkg/models/models.go:97.22,98.17 1 1
github.com/anthropic/swisseph-mcp/pkg/models/models.go:99.24,100.22 1 1
github.com/anthropic/swisseph-mcp/pkg/models/models.go:101.28,102.22 1 1
github.com/anthropic/swisseph-mcp/pkg/models/models.go:103.24,104.20 1 1
github.com/anthropic/swisseph-mcp/pkg/models/models.go:105.10,106.20 1 1
github.com/anthropic/swisseph-mcp/pkg/models/models.go:143.35,155.2 1 1
github.com/anthropic/swisseph-mcp/pkg/models/models.go:158.50,159.12 1 1
github.com/anthropic/swisseph-mcp/pkg/models/models.go:160.25,161.23 1 1
github.com/anthropic/swisseph-mcp/pkg/models/models.go:162.24,163.22 1 1
github.com/anthropic/swisseph-mcp/pkg/models/models.go:164.19,165.17 1 1
github.com/anthropic/swisseph-mcp/pkg/models/models.go:166.20,167.18 1 1
github.com/anthropic/swisseph-mcp/pkg/models/models.go:168.21,169.19 1 1
github.com/anthropic/swisseph-mcp/pkg/models/models.go:170.22,171.20 1 1
github.com/anthropic/swisseph-mcp/pkg/models/models.go:172.25,173.23 1 1
github.com/anthropic/swisseph-mcp/pkg/models/models.go:174.24,175.22 1 1
github.com/anthropic/swisseph-mcp/pkg/models/models.go:176.28,177.26 1 1
github.com/anthropic/swisseph-mcp/pkg/models/models.go:178.10,179.11 1 1
github.com/anthropic/swisseph-mcp/pkg/models/models.go:305.39,319.2 1 1
github.com/anthropic/swisseph-mcp/pkg/models/models.go:399.44,401.13 2 1
github.com/anthropic/swisseph-mcp/pkg/models/models.go:401.13,403.3 1 0
github.com/anthropic/swisseph-mcp/pkg/models/models.go:404.2,404.14 1 1
github.com/anthropic/swisseph-mcp/pkg/models/models.go:404.14,406.3 1 0
github.com/anthropic/swisseph-mcp/pkg/models/models.go:407.2,407.25 1 1
github.com/anthropic/swisseph-mcp/pkg/models/models.go:411.48,413.13 2 1
github.com/anthropic/swisseph-mcp/pkg/models/models.go:413.13,415.3 1 0
github.com/anthropic/swisseph-mcp/pkg/models/models.go:416.2,416.14 1 1
github.com/anthropic/swisseph-mcp/pkg/models/models.go:416.14,418.3 1 1
github.com/anthropic/swisseph-mcp/pkg/models/models.go:419.2,419.24 1 1
github.com/anthropic/swisseph-mcp/pkg/models/models.go:423.51,425.2 1 1
github.com/anthropic/swisseph-mcp/pkg/models/models.go:436.29,438.9 2 1
github.com/anthropic/swisseph-mcp/pkg/models/models.go:438.9,440.3 1 1
github.com/anthropic/swisseph-mcp/pkg/models/models.go:441.2,445.58 5 1
github.com/anthropic/swisseph-mcp/pkg/models/models.go:449.30,451.11 2 1
github.com/anthropic/swisseph-mcp/pkg/models/models.go:451.11,453.3 1 1
github.com/anthropic/swisseph-mcp/pkg/models/models.go:454.2,454.80 1 1
github.com/anthropic/swisseph-mcp/pkg/models/models.go:459.39,464.2 4 1
github.com/anthropic/swisseph-mcp/pkg/models/models.go:467.36,469.2 1 1
github.com/anthropic/swisseph-mcp/pkg/models/models.go:473.40,474.22 1 1
github.com/anthropic/swisseph-mcp/pkg/models/models.go:475.17,476.15 1 1
github.com/anthropic/swisseph-mcp/pkg/models/models.go:477.18,478.16 1 1
github.com/anthropic/swisseph-mcp/pkg/models/models.go:479.21,480.19 1 1
github.com/anthropic/swisseph-mcp/pkg/models/models.go:481.19,482.17 1 1
github.com/anthropic/swisseph-mcp/pkg/models/models.go:483.18,484.16 1 1
github.com/anthropic/swisseph-mcp/pkg/models/models.go:485.21,486.19 1 1
github.com/anthropic/swisseph-mcp/pkg/models/models.go:487.20,488.18 1 1
github.com/anthropic/swisseph-mcp/pkg/models/models.go:489.20,490.18 1 1
github.com/anthropic/swisseph-mcp/pkg/models/models.go:491.21,492.19 1 1
github.com/anthropic/swisseph-mcp/pkg/models/models.go:493.19,494.17 1 1
github.com/anthropic/swisseph-mcp/pkg/models/models.go:495.20,496.18 1 1
github.com/anthropic/swisseph-mcp/pkg/models/models.go:497.48,498.21 1 1
github.com/anthropic/swisseph-mcp/pkg/models/models.go:499.23,500.21 1 1
github.com/anthropic/swisseph-mcp/pkg/models/models.go:501.42,502.18 1 1
github.com/anthropic/swisseph-mcp/pkg/models/models.go:504.2,504.28 1 1
github.com/anthropic/swisseph-mcp/pkg/models/models.go:505.16,506.15 1 1
github.com/anthropic/swisseph-mcp/pkg/models/models.go:507.15,508.14 1 1
github.com/anthropic/swisseph-mcp/pkg/models/models.go:509.16,510.15 1 1
github.com/anthropic/swisseph-mcp/pkg/models/models.go:511.15,512.14 1 1
github.com/anthropic/swisseph-mcp/pkg/models/models.go:513.19,514.18 1 1
github.com/anthropic/swisseph-mcp/pkg/models/models.go:515.23,516.22 1 1
github.com/anthropic/swisseph-mcp/pkg/models/models.go:517.22,518.21 1 1
github.com/anthropic/swisseph-mcp/pkg/models/models.go:519.23,520.22 1 1
github.com/anthropic/swisseph-mcp/pkg/models/models.go:521.22,522.21 1 1
github.com/anthropic/swisseph-mcp/pkg/models/models.go:524.2,524.11 1 1
github.com/anthropic/swisseph-mcp/pkg/models/models.go:528.42,529.12 1 1
github.com/anthropic/swisseph-mcp/pkg/models/models.go:530.20,531.14 1 1
github.com/anthropic/swisseph-mcp/pkg/models/models.go:532.18,533.14 1 1
github.com/anthropic/swisseph-mcp/pkg/models/models.go:534.25,535.14 1 1
github.com/anthropic/swisseph-mcp/pkg/models/models.go:536.21,537.14 1 1
github.com/anthropic/swisseph-mcp/pkg/models/models.go:538.10,539.20 1 1
github.com/anthropic/swisseph-mcp/pkg/models/models.go:544.65,545.12 1 1
github.com/anthropic/swisseph-mcp/pkg/models/models.go:546.24,547.17 1 1
github.com/anthropic/swisseph-mcp/pkg/models/models.go:548.24,549.17 1 1
github.com/anthropic/swisseph-mcp/pkg/models/models.go:550.24,551.17 1 1
github.com/anthropic/swisseph-mcp/pkg/models/models.go:552.24,553.17 1 1
github.com/anthropic/swisseph-mcp/pkg/models/models.go:554.24,555.23 1 1
github.com/anthropic/swisseph-mcp/pkg/models/models.go:556.20,557.35 1 1
github.com/anthropic/swisseph-mcp/pkg/models/models.go:557.35,559.4 1 1
github.com/anthropic/swisseph-mcp/pkg/models/models.go:560.3,560.22 1 1
github.com/anthropic/swisseph-mcp/pkg/models/models.go:561.25,562.16 1 1
github.com/anthropic/swisseph-mcp/pkg/models/models.go:563.25,564.24 1 1
github.com/anthropic/swisseph-mcp/pkg/models/models.go:565.10,566.20 1 1
github.com/anthropic/swisseph-mcp/pkg/models/models.go:572.51,576.2 3 1
github.com/anthropic/swisseph-mcp/pkg/models/planet_map.go:6.44,26.2 3 1
github.com/anthropic/swisseph-mcp/pkg/models/planet_map.go:29.44,39.24 2 1
github.com/anthropic/swisseph-mcp/pkg/models/planet_map.go:39.24,41.3 1 1
github.com/anthropic/swisseph-mcp/pkg/models/planet_map.go:42.2,42.28 1 1
github.com/anthropic/swisseph-mcp/pkg/progressions/progressions.go:18.65,20.2 1 1
github.com/anthropic/swisseph-mcp/pkg/progressions/progressions.go:25.114,28.16 3 1
github.com/anthropic/swisseph-mcp/pkg/progressions/progressions.go:28.16,30.3 1 0
github.com/anthropic/swisseph-mcp/pkg/progressions/progressions.go:32.2,33.24 2 1
github.com/anthropic/swisseph-mcp/pkg/progressions/progressions.go:38.66,40.16 2 1
github.com/anthropic/swisseph-mcp/pkg/progressions/progressions.go:40.16,42.3 1 0
github.com/anthropic/swisseph-mcp/pkg/progressions/progressions.go:44.2,46.16 3 1
github.com/anthropic/swisseph-mcp/pkg/progressions/progressions.go:46.16,48.3 1 0
github.com/anthropic/swisseph-mcp/pkg/progressions/progressions.go:50.2,50.58 1 1
github.com/anthropic/swisseph-mcp/pkg/progressions/progressions.go:56.112,59.16 2 1
github.com/anthropic/swisseph-mcp/pkg/progressions/progressions.go:59.16,61.3 1 0
github.com/anthropic/swisseph-mcp/pkg/progressions/progressions.go:63.2,64.16 2 1
github.com/anthropic/swisseph-mcp/pkg/progressions/progressions.go:64.16,66.3 1 0
github.com/anthropic/swisseph-mcp/pkg/progressions/progressions.go:68.2,73.16 4 1
github.com/anthropic/swisseph-mcp/pkg/progressions/progressions.go:73.16,75.3 1 0
github.com/anthropic/swisseph-mcp/pkg/progressions/progressions.go:76.2,78.24 2 1
github.com/anthropic/swisseph-mcp/pkg/progressions/progressions.go:82.46,84.2 1 1
github.com/anthropic/swisseph-mcp/pkg/progressions/progressions.go:87.51,92.2 4 1
github.com/anthropic/swisseph-mcp/pkg/progressions/progressions.go:95.50,100.2 4 1
github.com/anthropic/swisseph-mcp/pkg/progressions/progressions.go:103.59,112.2 6 1
github.com/anthropic/swisseph-mcp/pkg/progressions/progressions.go:117.125,120.16 2 1
github.com/anthropic/swisseph-mcp/pkg/progressions/progressions.go:120.16,122.3 1 0
github.com/anthropic/swisseph-mcp/pkg/progressions/progressions.go:125.2,127.16 3 1
github.com/anthropic/swisseph-mcp/pkg/progressions/progressions.go:127.16,129.3 1 0
github.com/anthropic/swisseph-mcp/pkg/progressions/progressions.go:130.2,134.16 3 1
github.com/anthropic/swisseph-mcp/pkg/progressions/progressions.go:134.16,136.3 1 0
github.com/anthropic/swisseph-mcp/pkg/progressions/progressions.go:139.2,150.21 7 1
github.com/anthropic/swisseph-mcp/pkg/progressions/progressions.go:155.145,157.16 2 1
github.com/anthropic/swisseph-mcp/pkg/progressions/progressions.go:157.16,159.3 1 0
github.com/anthropic/swisseph-mcp/pkg/progressions/progressions.go:160.2,160.12 1 1
github.com/anthropic/swisseph-mcp/pkg/progressions/progressions.go:161.23,162.18 1 1
github.com/anthropic/swisseph-mcp/pkg/progressions/progressions.go:163.22,164.17 1 1
github.com/anthropic/swisseph-mcp/pkg/progressions/progressions.go:165.23,166.48 1 1
github.com/anthropic/swisseph-mcp/pkg/progressions/progressions.go:167.22,168.47 1 1
github.com/anthropic/swisseph-mcp/pkg/progressions/progressions.go:169.10,170.72 1 1
github.com/anthropic/swisseph-mcp/pkg/geo/geo.go:18.13,21.16 3 1
github.com/anthropic/swisseph-mcp/pkg/geo/geo.go:21.16,22.64 1 0
github.com/anthropic/swisseph-mcp/pkg/geo/geo.go:27.50,29.14 2 1
github.com/anthropic/swisseph-mcp/pkg/geo/geo.go:29.14,32.18 2 0
github.com/anthropic/swisseph-mcp/pkg/geo/geo.go:32.18,34.4 1 0
github.com/anthropic/swisseph-mcp/pkg/geo/geo.go:35.3,35.17 1 0
github.com/anthropic/swisseph-mcp/pkg/geo/geo.go:35.17,37.4 1 0
github.com/anthropic/swisseph-mcp/pkg/geo/geo.go:38.3,38.44 1 0
github.com/anthropic/swisseph-mcp/pkg/geo/geo.go:40.2,40.11 1 1
github.com/anthropic/swisseph-mcp/pkg/geo/geo.go:51.64,53.16 2 1
github.com/anthropic/swisseph-mcp/pkg/geo/geo.go:53.16,55.3 1 1
github.com/anthropic/swisseph-mcp/pkg/geo/geo.go:56.2,56.31 1 1
github.com/anthropic/swisseph-mcp/pkg/geo/geo.go:62.73,67.16 3 1
github.com/anthropic/swisseph-mcp/pkg/geo/geo.go:67.16,69.3 1 0
github.com/anthropic/swisseph-mcp/pkg/geo/geo.go:70.2,73.16 3 1
github.com/anthropic/swisseph-mcp/pkg/geo/geo.go:73.16,75.3 1 0
github.com/anthropic/swisseph-mcp/pkg/geo/geo.go:76.2,79.68 3 1
github.com/anthropic/swisseph-mcp/pkg/geo/geo.go:79.68,81.3 1 1
github.com/anthropic/swisseph-mcp/pkg/geo/geo.go:82.2,82.23 1 1
github.com/anthropic/swisseph-mcp/pkg/geo/geo.go:82.23,84.3 1 1
github.com/anthropic/swisseph-mcp/pkg/geo/geo.go:86.2,97.8 5 1
github.com/anthropic/swisseph-mcp/pkg/mcp/server.go:26.41,28.2 1 1
github.com/anthropic/swisseph-mcp/pkg/mcp/server.go:96.30,105.6 6 0
github.com/anthropic/swisseph-mcp/pkg/mcp/server.go:105.6,107.46 2 0
github.com/anthropic/swisseph-mcp/pkg/mcp/server.go:107.46,108.21 1 0
github.com/anthropic/swisseph-mcp/pkg/mcp/server.go:108.21,110.5 1 0
github.com/anthropic/swisseph-mcp/pkg/mcp/server.go:111.4,111.12 1 0
github.com/anthropic/swisseph-mcp/pkg/mcp/server.go:114.3,115.18 2 0
github.com/anthropic/swisseph-mcp/pkg/mcp/server.go:115.18,117.4 1 0
github.com/anthropic/swisseph-mcp/pkg/mcp/server.go:121.70,122.20 1 1
github.com/anthropic/swisseph-mcp/pkg/mcp/server.go:123.20,124.33 1 1
github.com/anthropic/swisseph-mcp/pkg/mcp/server.go:125.35,126.13 1 1
github.com/anthropic/swisseph-mcp/pkg/mcp/server.go:127.20,128.32 1 1
github.com/anthropic/swisseph-mcp/pkg/mcp/server.go:129.20,130.32 1 1
github.com/anthropic/swisseph-mcp/pkg/mcp/server.go:131.10,136.4 1 1
github.com/anthropic/swisseph-mcp/pkg/mcp/server.go:140.73,155.2 1 1
github.com/anthropic/swisseph-mcp/pkg/mcp/server.go:157.72,313.2 2 1
github.com/anthropic/swisseph-mcp/pkg/mcp/server.go:315.72,317.60 2 1
github.com/anthropic/swisseph-mcp/pkg/mcp/server.go:317.60,319.3 1 1
github.com/anthropic/swisseph-mcp/pkg/mcp/server.go:321.2,324.21 3 1
github.com/anthropic/swisseph-mcp/pkg/mcp/server.go:325.17,326.50 1 1
github.com/anthropic/swisseph-mcp/pkg/mcp/server.go:327.24,328.55 1 1
github.com/anthropic/swisseph-mcp/pkg/mcp/server.go:329.24,330.55 1 1
github.com/anthropic/swisseph-mcp/pkg/mcp/server.go:331.30,332.61 1 1
github.com/anthropic/swisseph-mcp/pkg/mcp/server.go:333.27,334.58 1 1
github.com/anthropic/swisseph-mcp/pkg/mcp/server.go:335.27,336.58 1 1
github.com/anthropic/swisseph-mcp/pkg/mcp/server.go:337.27,338.59 1 1
github.com/anthropic/swisseph-mcp/pkg/mcp/server.go:339.24,340.55 1 1
github.com/anthropic/swisseph-mcp/pkg/mcp/server.go:341.22,342.54 1 1
github.com/anthropic/swisseph-mcp/pkg/mcp/server.go:343.10,344.69 1 1
github.com/anthropic/swisseph-mcp/pkg/mcp/server.go:347.2,347.16 1 1
github.com/anthropic/swisseph-mcp/pkg/mcp/server.go:347.16,356.3 1 0
github.com/anthropic/swisseph-mcp/pkg/mcp/server.go:358.2,365.3 2 1
github.com/anthropic/swisseph-mcp/pkg/mcp/server.go:368.75,374.2 1 1
github.com/anthropic/swisseph-mcp/pkg/mcp/server.go:386.86,391.53 2 1
github.com/anthropic/swisseph-mcp/pkg/mcp/server.go:391.53,393.3 1 0
github.com/anthropic/swisseph-mcp/pkg/mcp/server.go:395.2,396.16 2 1
github.com/anthropic/swisseph-mcp/pkg/mcp/server.go:396.16,398.3 1 0
github.com/anthropic/swisseph-mcp/pkg/mcp/server.go:400.2,407.8 1 1
github.com/anthropic/swisseph-mcp/pkg/mcp/server.go:410.75,414.53 2 1
github.com/anthropic/swisseph-mcp/pkg/mcp/server.go:414.53,416.3 1 0
github.com/anthropic/swisseph-mcp/pkg/mcp/server.go:417.2,417.40 1 1
github.com/anthropic/swisseph-mcp/pkg/mcp/server.go:420.80,425.53 2 1
github.com/anthropic/swisseph-mcp/pkg/mcp/server.go:425.53,427.3 1 0
github.com/anthropic/swisseph-mcp/pkg/mcp/server.go:428.2,428.26 1 1
github.com/anthropic/swisseph-mcp/pkg/mcp/server.go:428.26,430.3 1 1
github.com/anthropic/swisseph-mcp/pkg/mcp/server.go:431.2,431.60 1 1
github.com/anthropic/swisseph-mcp/pkg/mcp/server.go:434.80,439.53 2 1
github.com/anthropic/swisseph-mcp/pkg/mcp/server.go:439.53,441.3 1 0
github.com/anthropic/swisseph-mcp/pkg/mcp/server.go:442.2,442.26 1 1
github.com/anthropic/swisseph-mcp/pkg/mcp/server.go:442.26,444.3 1 0
github.com/anthropic/swisseph-mcp/pkg/mcp/server.go:445.2,446.16 2 1
github.com/anthropic/swisseph-mcp/pkg/mcp/server.go:446.16,448.3 1 0
github.com/anthropic/swisseph-mcp/pkg/mcp/server.go:449.2,449.47 1 1
github.com/anthropic/swisseph-mcp/pkg/mcp/server.go:452.83,461.53 2 1
github.com/anthropic/swisseph-mcp/pkg/mcp/server.go:461.53,463.3 1 0
github.com/anthropic/swisseph-mcp/pkg/mcp/server.go:465.2,465.29 1 1
github.com/anthropic/swisseph-mcp/pkg/mcp/server.go:465.29,467.3 1 1
github.com/anthropic/swisseph-mcp/pkg/mcp/server.go:468.2,468.29 1 1
github.com/anthropic/swisseph-mcp/pkg/mcp/server.go:468.29,470.3 1 1
github.com/anthropic/swisseph-mcp/pkg/mcp/server.go:471.2,472.28 2 1
github.com/anthropic/swisseph-mcp/pkg/mcp/server.go:472.28,474.3 1 1
github.com/anthropic/swisseph-mcp/pkg/mcp/server.go:476.2,476.115 1 1
github.com/anthropic/swisseph-mcp/pkg/mcp/server.go:479.83,493.53 2 1
github.com/anthropic/swisseph-mcp/pkg/mcp/server.go:493.53,495.3 1 0
github.com/anthropic/swisseph-mcp/pkg/mcp/server.go:497.2,497.34 1 1
github.com/anthropic/swisseph-mcp/pkg/mcp/server.go:497.34,499.3 1 1
github.com/anthropic/swisseph-mcp/pkg/mcp/server.go:500.2,500.34 1 1
github.com/anthropic/swisseph-mcp/pkg/mcp/server.go:500.34,502.3 1 1
github.com/anthropic/swisseph-mcp/pkg/mcp/server.go:503.2,503.29 1 1
github.com/anthropic/swisseph-mcp/pkg/mcp/server.go:503.29,505.3 1 1
github.com/anthropic/swisseph-mcp/pkg/mcp/server.go:506.2,507.28 2 1
github.com/anthropic/swisseph-mcp/pkg/mcp/server.go:507.28,509.3 1 1
github.com/anthropic/swisseph-mcp/pkg/mcp/server.go:511.2,516.16 2 1
github.com/anthropic/swisseph-mcp/pkg/mcp/server.go:516.16,518.3 1 0
github.com/anthropic/swisseph-mcp/pkg/mcp/server.go:520.2,524.8 1 1
github.com/anthropic/swisseph-mcp/pkg/mcp/server.go:527.79,529.16 2 1
github.com/anthropic/swisseph-mcp/pkg/mcp/server.go:529.16,531.3 1 0
github.com/anthropic/swisseph-mcp/pkg/mcp/server.go:534.2,540.16 4 1
github.com/anthropic/swisseph-mcp/pkg/mcp/server.go:540.16,542.3 1 0
github.com/anthropic/swisseph-mcp/pkg/mcp/server.go:544.2,544.28 1 1
github.com/anthropic/swisseph-mcp/pkg/mcp/server.go:545.13,551.9 2 1
github.com/anthropic/swisseph-mcp/pkg/mcp/server.go:552.10,555.9 1 1
github.com/anthropic/swisseph-mcp/pkg/mcp/server.go:559.84,565.53 2 1
github.com/anthropic/swisseph-mcp/pkg/mcp/server.go:565.53,567.3 1 0
github.com/anthropic/swisseph-mcp/pkg/mcp/server.go:569.2,569.29 1 1
github.com/anthropic/swisseph-mcp/pkg/mcp/server.go:569.29,571.3 1 1
github.com/anthropic/swisseph-mcp/pkg/mcp/server.go:573.2,586.36 5 1
github.com/anthropic/swisseph-mcp/pkg/mcp/server.go:586.36,588.17 2 1
github.com/anthropic/swisseph-mcp/pkg/mcp/server.go:588.17,589.12 1 0
github.com/anthropic/swisseph-mcp/pkg/mcp/server.go:591.3,598.5 1 1
github.com/anthropic/swisseph-mcp/pkg/mcp/server.go:601.2,605.8 1 1
github.com/anthropic/swisseph-mcp/pkg/mcp/server.go:608.80,614.53 2 1
github.com/anthropic/swisseph-mcp/pkg/mcp/server.go:614.53,616.3 1 0
github.com/anthropic/swisseph-mcp/pkg/mcp/server.go:618.2,618.29 1 1
github.com/anthropic/swisseph-mcp/pkg/mcp/server.go:618.29,620.3 1 1
github.com/anthropic/swisseph-mcp/pkg/mcp/server.go:622.2,624.16 3 1
github.com/anthropic/swisseph-mcp/pkg/mcp/server.go:624.16,626.3 1 0
github.com/anthropic/swisseph-mcp/pkg/mcp/server.go:628.2,637.36 3 1
github.com/anthropic/swisseph-mcp/pkg/mcp/server.go:637.36,639.17 2 1
github.com/anthropic/swisseph-mcp/pkg/mcp/server.go:639.17,640.12 1 0
github.com/anthropic/swisseph-mcp/pkg/mcp/server.go:642.3,648.5 1 1
github.com/anthropic/swisseph-mcp/pkg/mcp/server.go:651.2,655.8 1 1
github.com/anthropic/swisseph-mcp/pkg/mcp/server.go:659.100,681.53 2 1
github.com/anthropic/swisseph-mcp/pkg/mcp/server.go:681.53,683.3 1 1
github.com/anthropic/swisseph-mcp/pkg/mcp/server.go:685.2,685.34 1 1
github.com/anthropic/swisseph-mcp/pkg/mcp/server.go:685.34,687.3 1 1
github.com/anthropic/swisseph-mcp/pkg/mcp/server.go:688.2,688.36 1 1
github.com/anthropic/swisseph-mcp/pkg/mcp/server.go:688.36,690.3 1 1
github.com/anthropic/swisseph-mcp/pkg/mcp/server.go:691.2,691.29 1 1
github.com/anthropic/swisseph-mcp/pkg/mcp/server.go:691.29,693.3 1 1
github.com/anthropic/swisseph-mcp/pkg/mcp/server.go:694.2,694.26 1 1
github.com/anthropic/swisseph-mcp/pkg/mcp/server.go:694.26,696.3 1 1
github.com/anthropic/swisseph-mcp/pkg/mcp/server.go:697.2,698.28 2 1
github.com/anthropic/swisseph-mcp/pkg/mcp/server.go:698.28,700.3 1 1
github.com/anthropic/swisseph-mcp/pkg/mcp/server.go:701.2,702.35 2 1
github.com/anthropic/swisseph-mcp/pkg/mcp/server.go:702.35,704.3 1 1
github.com/anthropic/swisseph-mcp/pkg/mcp/server.go:705.2,706.40 2 1
github.com/anthropic/swisseph-mcp/pkg/mcp/server.go:706.40,708.3 1 1
github.com/anthropic/swisseph-mcp/pkg/mcp/server.go:709.2,710.36 2 1
github.com/anthropic/swisseph-mcp/pkg/mcp/server.go:710.36,712.3 1 1
github.com/anthropic/swisseph-mcp/pkg/mcp/server.go:713.2,714.30 2 1
github.com/anthropic/swisseph-mcp/pkg/mcp/server.go:714.30,716.3 1 1
github.com/anthropic/swisseph-mcp/pkg/mcp/server.go:718.2,736.24 1 1
github.com/anthropic/swisseph-mcp/pkg/transit/transit.go:22.51,24.33 2 1
github.com/anthropic/swisseph-mcp/pkg/transit/transit.go:24.33,26.3 1 1
github.com/anthropic/swisseph-mcp/pkg/transit/transit.go:27.2,27.21 1 1
github.com/anthropic/swisseph-mcp/pkg/transit/transit.go:27.21,30.3 1 1
github.com/anthropic/swisseph-mcp/pkg/transit/transit.go:31.2,31.20 1 1
github.com/anthropic/swisseph-mcp/pkg/transit/transit.go:31.20,34.3 1 1
github.com/anthropic/swisseph-mcp/pkg/transit/transit.go:35.2,35.17 1 1
github.com/anthropic/swisseph-mcp/pkg/transit/transit.go:82.79,87.16 3 1
github.com/anthropic/swisseph-mcp/pkg/transit/transit.go:87.16,89.3 1 0
github.com/anthropic/swisseph-mcp/pkg/transit/transit.go:92.2,98.41 3 1
github.com/anthropic/swisseph-mcp/pkg/transit/transit.go:98.41,100.17 2 1
github.com/anthropic/swisseph-mcp/pkg/transit/transit.go:100.17,101.12 1 0
github.com/anthropic/swisseph-mcp/pkg/transit/transit.go:103.3,103.75 1 1
github.com/anthropic/swisseph-mcp/pkg/transit/transit.go:105.2,105.32 1 1
github.com/anthropic/swisseph-mcp/pkg/transit/transit.go:105.32,106.54 1 1
github.com/anthropic/swisseph-mcp/pkg/transit/transit.go:106.54,108.18 2 1
github.com/anthropic/swisseph-mcp/pkg/transit/transit.go:108.18,109.13 1 0
github.com/anthropic/swisseph-mcp/pkg/transit/transit.go:111.4,111.75 1 1
github.com/anthropic/swisseph-mcp/pkg/transit/transit.go:118.2,118.47 1 1
github.com/anthropic/swisseph-mcp/pkg/transit/transit.go:118.47,126.39 4 1
github.com/anthropic/swisseph-mcp/pkg/transit/transit.go:126.39,127.32 1 1
github.com/anthropic/swisseph-mcp/pkg/transit/transit.go:127.32,130.23 3 1
github.com/anthropic/swisseph-mcp/pkg/transit/transit.go:130.23,132.6 1 1
github.com/anthropic/swisseph-mcp/pkg/transit/transit.go:133.5,144.7 1 1
github.com/anthropic/swisseph-mcp/pkg/transit/transit.go:149.3,149.43 1 1
github.com/anthropic/swisseph-mcp/pkg/transit/transit.go:149.43,152.4 2 1
github.com/anthropic/swisseph-mcp/pkg/transit/transit.go:155.3,155.44 1 1
github.com/anthropic/swisseph-mcp/pkg/transit/transit.go:155.44,158.4 2 1
github.com/anthropic/swisseph-mcp/pkg/transit/transit.go:161.3,161.36 1 1
github.com/anthropic/swisseph-mcp/pkg/transit/transit.go:161.36,163.34 2 1
github.com/anthropic/swisseph-mcp/pkg/transit/transit.go:163.34,171.5 2 1
github.com/anthropic/swisseph-mcp/pkg/transit/transit.go:175.3,175.36 1 1
github.com/anthropic/swisseph-mcp/pkg/transit/transit.go:175.36,176.50 1 1
github.com/anthropic/swisseph-mcp/pkg/transit/transit.go:176.50,177.44 1 1
github.com/anthropic/swisseph-mcp/pkg/transit/transit.go:177.44,178.14 1 1
github.com/anthropic/swisseph-mcp/pkg/transit/transit.go:180.5,187.45 3 1
github.com/anthropic/swisseph-mcp/pkg/transit/transit.go:192.3,192.66 1 1
github.com/anthropic/swisseph-mcp/pkg/transit/transit.go:192.66,193.57 1 1
github.com/anthropic/swisseph-mcp/pkg/transit/transit.go:193.57,202.5 3 1
github.com/anthropic/swisseph-mcp/pkg/transit/transit.go:206.3,206.107 1 1
github.com/anthropic/swisseph-mcp/pkg/transit/transit.go:206.107,207.61 1 1
github.com/anthropic/swisseph-mcp/pkg/transit/transit.go:207.61,216.5 3 1
github.com/anthropic/swisseph-mcp/pkg/transit/transit.go:218.4,218.34 1 1
github.com/anthropic/swisseph-mcp/pkg/transit/transit.go:218.34,219.63 1 1
github.com/anthropic/swisseph-mcp/pkg/transit/transit.go:219.63,228.6 3 1
github.com/anthropic/swisseph-mcp/pkg/transit/transit.go:233.3,233.99 1 1
github.com/anthropic/swisseph-mcp/pkg/transit/transit.go:233.99,234.58 1 1
github.com/anthropic/swisseph-mcp/pkg/transit/transit.go:234.58,243.5 3 1
github.com/anthropic/swisseph-mcp/pkg/transit/transit.go:245.4,245.34 1 1
github.com/anthropic/swisseph-mcp/pkg/transit/transit.go:245.34,246.59 1 0
github.com/anthropic/swisseph-mcp/pkg/transit/transit.go:246.59,255.6 3 0
github.com/anthropic/swisseph-mcp/pkg/transit/transit.go:263.2,263.73 1 1
github.com/anthropic/swisseph-mcp/pkg/transit/transit.go:263.73,264.60 1 1
github.com/anthropic/swisseph-mcp/pkg/transit/transit.go:264.60,272.40 4 1
github.com/anthropic/swisseph-mcp/pkg/transit/transit.go:272.40,273.34 1 1
github.com/anthropic/swisseph-mcp/pkg/transit/transit.go:273.34,276.24 3 0
github.com/anthropic/swisseph-mcp/pkg/transit/transit.go:276.24,278.7 1 0
github.com/anthropic/swisseph-mcp/pkg/transit/transit.go:279.6,290.8 1 0
github.com/anthropic/swisseph-mcp/pkg/transit/transit.go:295.4,295.44 1 1
github.com/anthropic/swisseph-mcp/pkg/transit/transit.go:295.44,298.5 2 1
github.com/anthropic/swisseph-mcp/pkg/transit/transit.go:301.4,301.45 1 1
github.com/anthropic/swisseph-mcp/pkg/transit/transit.go:301.45,304.5 2 1
github.com/anthropic/swisseph-mcp/pkg/transit/transit.go:307.4,307.37 1 1
github.com/anthropic/swisseph-mcp/pkg/transit/transit.go:307.37,309.35 2 1
github.com/anthropic/swisseph-mcp/pkg/transit/transit.go:309.35,317.6 2 1
github.com/anthropic/swisseph-mcp/pkg/transit/transit.go:321.4,321.37 1 1
github.com/anthropic/swisseph-mcp/pkg/transit/transit.go:321.37,322.63 1 1
github.com/anthropic/swisseph-mcp/pkg/transit/transit.go:322.63,323.45 1 1
github.com/anthropic/swisseph-mcp/pkg/transit/transit.go:323.45,324.15 1 1
github.com/anthropic/swisseph-mcp/pkg/transit/transit.go:326.6,333.46 3 1
github.com/anthropic/swisseph-mcp/pkg/transit/transit.go:342.2,342.65 1 1
github.com/anthropic/swisseph-mcp/pkg/transit/transit.go:342.65,343.57 1 1
github.com/anthropic/swisseph-mcp/pkg/transit/transit.go:343.57,350.37 3 1
github.com/anthropic/swisseph-mcp/pkg/transit/transit.go:350.37,352.35 2 1
github.com/anthropic/swisseph-mcp/pkg/transit/transit.go:352.35,360.6 2 1
github.com/anthropic/swisseph-mcp/pkg/transit/transit.go:364.4,364.44 1 1
github.com/anthropic/swisseph-mcp/pkg/transit/transit.go:364.44,367.5 2 1
github.com/anthropic/swisseph-mcp/pkg/transit/transit.go:370.4,370.45 1 1
github.com/anthropic/swisseph-mcp/pkg/transit/transit.go:370.45,373.5 2 1
github.com/anthropic/swisseph-mcp/pkg/transit/transit.go:377.3,377.66 1 1
github.com/anthropic/swisseph-mcp/pkg/transit/transit.go:377.66,378.58 1 1
github.com/anthropic/swisseph-mcp/pkg/transit/transit.go:378.58,384.35 4 1
github.com/anthropic/swisseph-mcp/pkg/transit/transit.go:384.35,392.6 2 1
github.com/anthropic/swisseph-mcp/pkg/transit/transit.go:400.2,400.43 1 1
github.com/anthropic/swisseph-mcp/pkg/transit/transit.go:400.43,403.3 2 1
github.com/anthropic/swisseph-mcp/pkg/transit/transit.go:406.2,406.44 1 1
github.com/anthropic/swisseph-mcp/pkg/transit/transit.go:406.44,408.3 1 1
github.com/anthropic/swisseph-mcp/pkg/transit/transit.go:410.2,410.23 1 1
github.com/anthropic/swisseph-mcp/pkg/transit/transit.go:417.61,418.52 1 1
github.com/anthropic/swisseph-mcp/pkg/transit/transit.go:418.52,420.3 1 1
github.com/anthropic/swisseph-mcp/pkg/transit/transit.go:423.83,424.52 1 1
github.com/anthropic/swisseph-mcp/pkg/transit/transit.go:424.52,426.3 1 1
github.com/anthropic/swisseph-mcp/pkg/transit/transit.go:429.79,430.52 1 1
github.com/anthropic/swisseph-mcp/pkg/transit/transit.go:430.52,432.3 1 1
github.com/anthropic/swisseph-mcp/pkg/transit/transit.go:436.118,437.52 1 1
github.com/anthropic/swisseph-mcp/pkg/transit/transit.go:437.52,439.17 2 1
github.com/anthropic/swisseph-mcp/pkg/transit/transit.go:439.17,441.4 1 0
github.com/anthropic/swisseph-mcp/pkg/transit/transit.go:443.3,445.17 3 1
github.com/anthropic/swisseph-mcp/pkg/transit/transit.go:445.17,447.4 1 0
github.com/anthropic/swisseph-mcp/pkg/transit/transit.go:448.3,450.18 2 1
github.com/anthropic/swisseph-mcp/pkg/transit/transit.go:450.18,452.4 1 1
github.com/anthropic/swisseph-mcp/pkg/transit/transit.go:452.9,452.26 1 1
github.com/anthropic/swisseph-mcp/pkg/transit/transit.go:452.26,454.4 1 1
github.com/anthropic/swisseph-mcp/pkg/transit/transit.go:455.3,455.27 1 1
github.com/anthropic/swisseph-mcp/pkg/transit/transit.go:461.140,462.52 1 1
github.com/anthropic/swisseph-mcp/pkg/transit/transit.go:462.52,464.17 2 1
github.com/anthropic/swisseph-mcp/pkg/transit/transit.go:464.17,466.4 1 0
github.com/anthropic/swisseph-mcp/pkg/transit/transit.go:468.3,470.17 3 1
github.com/anthropic/swisseph-mcp/pkg/transit/transit.go:470.17,472.4 1 0
github.com/anthropic/swisseph-mcp/pkg/transit/transit.go:473.3,474.18 2 1
github.com/anthropic/swisseph-mcp/pkg/transit/transit.go:474.18,476.4 1 0
github.com/anthropic/swisseph-mcp/pkg/transit/transit.go:476.9,476.26 1 1
github.com/anthropic/swisseph-mcp/pkg/transit/transit.go:476.26,478.4 1 0
github.com/anthropic/swisseph-mcp/pkg/transit/transit.go:479.3,479.27 1 1
github.com/anthropic/swisseph-mcp/pkg/transit/transit.go:485.136,488.52 2 1
github.com/anthropic/swisseph-mcp/pkg/transit/transit.go:488.52,490.17 2 1
github.com/anthropic/swisseph-mcp/pkg/transit/transit.go:490.17,492.4 1 0
github.com/anthropic/swisseph-mcp/pkg/transit/transit.go:493.3,498.30 5 1
github.com/anthropic/swisseph-mcp/pkg/transit/transit.go:506.102,510.63 2 1
github.com/anthropic/swisseph-mcp/pkg/transit/transit.go:510.63,512.3 1 1
github.com/anthropic/swisseph-mcp/pkg/transit/transit.go:514.2,516.58 2 1
github.com/anthropic/swisseph-mcp/pkg/transit/transit.go:516.58,519.29 2 1
github.com/anthropic/swisseph-mcp/pkg/transit/transit.go:519.29,526.4 3 1
github.com/anthropic/swisseph-mcp/pkg/transit/transit.go:527.3,527.23 1 1
github.com/anthropic/swisseph-mcp/pkg/transit/transit.go:530.2,530.17 1 1
github.com/anthropic/swisseph-mcp/pkg/transit/transit.go:533.56,535.16 2 1
github.com/anthropic/swisseph-mcp/pkg/transit/transit.go:535.16,537.3 1 0
github.com/anthropic/swisseph-mcp/pkg/transit/transit.go:538.2,538.14 1 1
github.com/anthropic/swisseph-mcp/pkg/transit/transit.go:541.65,544.24 2 1
github.com/anthropic/swisseph-mcp/pkg/transit/transit.go:544.24,547.28 3 1
github.com/anthropic/swisseph-mcp/pkg/transit/transit.go:547.28,549.4 1 1
github.com/anthropic/swisseph-mcp/pkg/transit/transit.go:549.9,552.4 2 1
github.com/anthropic/swisseph-mcp/pkg/transit/transit.go:554.2,554.22 1 1
github.com/anthropic/swisseph-mcp/pkg/transit/transit.go:561.88,564.30 3 1
github.com/anthropic/swisseph-mcp/pkg/transit/transit.go:564.30,565.37 1 1
github.com/anthropic/swisseph-mcp/pkg/transit/transit.go:565.37,568.4 2 1
github.com/anthropic/swisseph-mcp/pkg/transit/transit.go:570.2,570.18 1 1
github.com/anthropic/swisseph-mcp/pkg/transit/transit.go:570.18,572.3 1 1
github.com/anthropic/swisseph-mcp/pkg/transit/transit.go:573.2,573.18 1 1
github.com/anthropic/swisseph-mcp/pkg/transit/transit.go:586.25,589.45 2 1
github.com/anthropic/swisseph-mcp/pkg/transit/transit.go:589.45,591.15 2 1
github.com/anthropic/swisseph-mcp/pkg/transit/transit.go:591.15,592.12 1 1
github.com/anthropic/swisseph-mcp/pkg/transit/transit.go:595.3,599.25 3 1
github.com/anthropic/swisseph-mcp/pkg/transit/transit.go:599.25,602.33 3 1
github.com/anthropic/swisseph-mcp/pkg/transit/transit.go:602.33,624.5 3 1
github.com/anthropic/swisseph-mcp/pkg/transit/transit.go:627.3,627.38 1 1
github.com/anthropic/swisseph-mcp/pkg/transit/transit.go:627.38,633.77 5 1
github.com/anthropic/swisseph-mcp/pkg/transit/transit.go:633.77,634.26 1 1
github.com/anthropic/swisseph-mcp/pkg/transit/transit.go:634.26,636.6 1 1
github.com/anthropic/swisseph-mcp/pkg/transit/transit.go:637.5,641.74 3 1
github.com/anthropic/swisseph-mcp/pkg/transit/transit.go:641.74,666.6 5 1
github.com/anthropic/swisseph-mcp/pkg/transit/transit.go:670.5,670.82 1 1
github.com/anthropic/swisseph-mcp/pkg/transit/transit.go:670.82,695.6 5 1
github.com/anthropic/swisseph-mcp/pkg/transit/transit.go:698.5,698.73 1 1
github.com/anthropic/swisseph-mcp/pkg/transit/transit.go:698.73,723.6 5 1
github.com/anthropic/swisseph-mcp/pkg/transit/transit.go:725.5,728.27 3 1
github.com/anthropic/swisseph-mcp/pkg/transit/transit.go:728.27,729.11 1 1
github.com/anthropic/swisseph-mcp/pkg/transit/transit.go:735.2,735.15 1 1
github.com/anthropic/swisseph-mcp/pkg/transit/transit.go:739.61,742.31 3 1
github.com/anthropic/swisseph-mcp/pkg/transit/transit.go:742.31,745.14 3 1
github.com/anthropic/swisseph-mcp/pkg/transit/transit.go:745.14,747.4 1 1
github.com/anthropic/swisseph-mcp/pkg/transit/transit.go:748.3,748.26 1 1
github.com/anthropic/swisseph-mcp/pkg/transit/transit.go:748.26,750.4 1 1
github.com/anthropic/swisseph-mcp/pkg/transit/transit.go:750.9,752.4 1 1
github.com/anthropic/swisseph-mcp/pkg/transit/transit.go:754.2,754.15 1 1
github.com/anthropic/swisseph-mcp/pkg/transit/transit.go:769.25,778.74 7 1
github.com/anthropic/swisseph-mcp/pkg/transit/transit.go:778.74,781.3 1 0
github.com/anthropic/swisseph-mcp/pkg/transit/transit.go:782.2,782.28 1 1
github.com/anthropic/swisseph-mcp/pkg/transit/transit.go:782.28,784.3 1 0
github.com/anthropic/swisseph-mcp/pkg/transit/transit.go:786.2,786.45 1 1
github.com/anthropic/swisseph-mcp/pkg/transit/transit.go:786.45,788.15 2 1
github.com/anthropic/swisseph-mcp/pkg/transit/transit.go:788.15,789.12 1 1
github.com/anthropic/swisseph-mcp/pkg/transit/transit.go:792.3,799.32 6 1
github.com/anthropic/swisseph-mcp/pkg/transit/transit.go:799.32,822.4 4 1
github.com/anthropic/swisseph-mcp/pkg/transit/transit.go:824.3,824.41 1 1
github.com/anthropic/swisseph-mcp/pkg/transit/transit.go:824.41,833.76 6 1
github.com/anthropic/swisseph-mcp/pkg/transit/transit.go:833.76,834.25 1 1
github.com/anthropic/swisseph-mcp/pkg/transit/transit.go:834.25,836.5 1 1
github.com/anthropic/swisseph-mcp/pkg/transit/transit.go:838.4,843.73 4 1
github.com/anthropic/swisseph-mcp/pkg/transit/transit.go:843.73,870.5 7 1
github.com/anthropic/swisseph-mcp/pkg/transit/transit.go:873.4,873.81 1 1
github.com/anthropic/swisseph-mcp/pkg/transit/transit.go:873.81,900.5 7 1
github.com/anthropic/swisseph-mcp/pkg/transit/transit.go:903.4,903.72 1 1
github.com/anthropic/swisseph-mcp/pkg/transit/transit.go:903.72,930.5 7 1
github.com/anthropic/swisseph-mcp/pkg/transit/transit.go:932.4,935.26 3 1
github.com/anthropic/swisseph-mcp/pkg/transit/transit.go:935.26,936.10 1 1
github.com/anthropic/swisseph-mcp/pkg/transit/transit.go:942.2,942.15 1 1
github.com/anthropic/swisseph-mcp/pkg/transit/transit.go:950.90,953.37 2 1
github.com/anthropic/swisseph-mcp/pkg/transit/transit.go:953.37,959.76 5 1
github.com/anthropic/swisseph-mcp/pkg/transit/transit.go:959.76,960.25 1 1
github.com/anthropic/swisseph-mcp/pkg/transit/transit.go:960.25,962.5 1 1
github.com/anthropic/swisseph-mcp/pkg/transit/transit.go:963.4,966.27 3 1
github.com/anthropic/swisseph-mcp/pkg/transit/transit.go:966.27,987.5 6 1
github.com/anthropic/swisseph-mcp/pkg/transit/transit.go:989.4,992.26 3 1
github.com/anthropic/swisseph-mcp/pkg/transit/transit.go:992.26,993.10 1 1
github.com/anthropic/swisseph-mcp/pkg/transit/transit.go:997.2,997.15 1 1
github.com/anthropic/swisseph-mcp/pkg/transit/transit.go:1001.90,1003.27 2 1
github.com/anthropic/swisseph-mcp/pkg/transit/transit.go:1003.27,1005.3 1 0
github.com/anthropic/swisseph-mcp/pkg/transit/transit.go:1007.2,1007.37 1 1
github.com/anthropic/swisseph-mcp/pkg/transit/transit.go:1007.37,1013.76 5 1
github.com/anthropic/swisseph-mcp/pkg/transit/transit.go:1013.76,1014.25 1 1
github.com/anthropic/swisseph-mcp/pkg/transit/transit.go:1014.25,1016.5 1 1
github.com/anthropic/swisseph-mcp/pkg/transit/transit.go:1017.4,1020.29 3 1
github.com/anthropic/swisseph-mcp/pkg/transit/transit.go:1020.29,1038.5 4 1
github.com/anthropic/swisseph-mcp/pkg/transit/transit.go:1040.4,1043.26 3 1
github.com/anthropic/swisseph-mcp/pkg/transit/transit.go:1043.26,1044.10 1 1
github.com/anthropic/swisseph-mcp/pkg/transit/transit.go:1048.2,1048.15 1 1
github.com/anthropic/swisseph-mcp/pkg/transit/transit.go:1059.99,1073.27 4 1
github.com/anthropic/swisseph-mcp/pkg/transit/transit.go:1073.27,1079.37 3 1
github.com/anthropic/swisseph-mcp/pkg/transit/transit.go:1079.37,1080.12 1 1
github.com/anthropic/swisseph-mcp/pkg/transit/transit.go:1083.3,1083.22 1 1
github.com/anthropic/swisseph-mcp/pkg/transit/transit.go:1084.32,1085.77 1 1
github.com/anthropic/swisseph-mcp/pkg/transit/transit.go:1086.32,1087.77 1 1
github.com/anthropic/swisseph-mcp/pkg/transit/transit.go:1088.32,1089.77 1 1
github.com/anthropic/swisseph-mcp/pkg/transit/transit.go:1090.32,1091.20 1 1
github.com/anthropic/swisseph-mcp/pkg/transit/transit.go:1091.20,1093.5 1 1
github.com/anthropic/swisseph-mcp/pkg/transit/transit.go:1097.2,1097.43 1 1
github.com/anthropic/swisseph-mcp/pkg/transit/transit.go:1097.43,1099.3 1 1
github.com/anthropic/swisseph-mcp/pkg/transit/transit.go:1106.2,1106.37 1 1
github.com/anthropic/swisseph-mcp/pkg/transit/transit.go:1106.37,1107.29 1 1
github.com/anthropic/swisseph-mcp/pkg/transit/transit.go:1107.29,1108.12 1 1
github.com/anthropic/swisseph-mcp/pkg/transit/transit.go:1110.3,1115.31 3 1
github.com/anthropic/swisseph-mcp/pkg/transit/transit.go:1115.31,1116.29 1 1
github.com/anthropic/swisseph-mcp/pkg/transit/transit.go:1116.29,1117.10 1 0
github.com/anthropic/swisseph-mcp/pkg/transit/transit.go:1119.4,1119.50 1 1
github.com/anthropic/swisseph-mcp/pkg/transit/transit.go:1119.50,1122.13 2 1
github.com/anthropic/swisseph-mcp/pkg/transit/transit.go:1124.4,1124.27 1 1
github.com/anthropic/swisseph-mcp/pkg/transit/transit.go:1124.27,1127.32 2 1
github.com/anthropic/swisseph-mcp/pkg/transit/transit.go:1127.32,1128.52 1 1
github.com/anthropic/swisseph-mcp/pkg/transit/transit.go:1128.52,1130.12 2 1
github.com/anthropic/swisseph-mcp/pkg/transit/transit.go:1133.5,1133.24 1 1
github.com/anthropic/swisseph-mcp/pkg/transit/transit.go:1133.24,1136.6 2 1
github.com/anthropic/swisseph-mcp/pkg/transit/transit.go:1137.5,1137.10 1 1
github.com/anthropic/swisseph-mcp/pkg/transit/transit.go:1141.3,1141.23 1 1
github.com/anthropic/swisseph-mcp/pkg/transit/transit.go:1141.23,1149.51 6 1
github.com/anthropic/swisseph-mcp/pkg/transit/transit.go:1149.51,1155.5 4 1
github.com/anthropic/swisseph-mcp/pkg/transit/transit.go:1157.4,1171.6 1 1
github.com/anthropic/swisseph-mcp/pkg/transit/transit.go:1175.2,1175.18 1 1
github.com/anthropic/swisseph-mcp/pkg/transit/transit.go:1186.65,1187.22 1 1
github.com/anthropic/swisseph-mcp/pkg/transit/transit.go:1187.22,1190.3 1 1
github.com/anthropic/swisseph-mcp/pkg/transit/transit.go:1191.2,1191.24 1 1
github.com/anthropic/swisseph-mcp/pkg/transit/transit.go:1191.24,1194.3 1 1
github.com/anthropic/swisseph-mcp/pkg/transit/transit.go:1196.2,1197.45 2 1
github.com/anthropic/swisseph-mcp/pkg/transit/transit.go:1204.80,1206.15 2 1
github.com/anthropic/swisseph-mcp/pkg/transit/transit.go:1206.15,1208.3 1 1
github.com/anthropic/swisseph-mcp/pkg/transit/transit.go:1209.2,1210.33 2 1
github.com/anthropic/swisseph-mcp/pkg/transit/transit.go:1213.48,1215.16 2 1
github.com/anthropic/swisseph-mcp/pkg/transit/transit.go:1215.16,1217.3 1 1
github.com/anthropic/swisseph-mcp/pkg/transit/transit.go:1218.2,1218.13 1 1
github.com/anthropic/swisseph-mcp/pkg/transit/transit.go:1221.35,1223.11 2 1
github.com/anthropic/swisseph-mcp/pkg/transit/transit.go:1223.11,1225.3 1 1
github.com/anthropic/swisseph-mcp/pkg/transit/transit.go:1226.2,1226.16 1 1
github.com/anthropic/swisseph-mcp/pkg/transit/transit.go:1233.111,1234.24 1 1
github.com/anthropic/swisseph-mcp/pkg/transit/transit.go:1234.24,1239.15 4 1
github.com/anthropic/swisseph-mcp/pkg/transit/transit.go:1239.15,1240.21 1 1
github.com/anthropic/swisseph-mcp/pkg/transit/transit.go:1240.21,1242.5 1 1
github.com/anthropic/swisseph-mcp/pkg/transit/transit.go:1242.10,1244.5 1 1
github.com/anthropic/swisseph-mcp/pkg/transit/transit.go:1245.9,1246.22 1 1
github.com/anthropic/swisseph-mcp/pkg/transit/transit.go:1246.22,1248.5 1 1
github.com/anthropic/swisseph-mcp/pkg/transit/transit.go:1248.10,1250.5 1 1
github.com/anthropic/swisseph-mcp/pkg/transit/transit.go:1253.2,1253.22 1 1
github.com/anthropic/swisseph-mcp/pkg/transit/transit.go:1256.87,1260.24 3 1
github.com/anthropic/swisseph-mcp/pkg/transit/transit.go:1260.24,1265.26 4 1
github.com/anthropic/swisseph-mcp/pkg/transit/transit.go:1265.26,1267.4 1 1
github.com/anthropic/swisseph-mcp/pkg/transit/transit.go:1267.9,1270.4 2 1
github.com/anthropic/swisseph-mcp/pkg/transit/transit.go:1272.2,1272.22 1 1
github.com/anthropic/swisseph-mcp/pkg/transit/transit.go:1275.113,1276.24 1 1
github.com/anthropic/swisseph-mcp/pkg/transit/transit.go:1276.24,1282.15 5 1
github.com/anthropic/swisseph-mcp/pkg/transit/transit.go:1282.15,1283.21 1 1
github.com/anthropic/swisseph-mcp/pkg/transit/transit.go:1283.21,1285.5 1 1
github.com/anthropic/swisseph-mcp/pkg/transit/transit.go:1285.10,1287.5 1 1
github.com/anthropic/swisseph-mcp/pkg/transit/transit.go:1288.9,1289.22 1 1
github.com/anthropic/swisseph-mcp/pkg/transit/transit.go:1289.22,1291.5 1 1
github.com/anthropic/swisseph-mcp/pkg/transit/transit.go:1291.10,1293.5 1 1
github.com/anthropic/swisseph-mcp/pkg/transit/transit.go:1296.2,1296.22 1 1
github.com/anthropic/swisseph-mcp/pkg/transit/transit.go:1299.89,1304.24 4 1
github.com/anthropic/swisseph-mcp/pkg/transit/transit.go:1304.24,1310.26 5 1
github.com/anthropic/swisseph-mcp/pkg/transit/transit.go:1310.26,1312.4 1 1
github.com/anthropic/swisseph-mcp/pkg/transit/transit.go:1312.9,1315.4 2 1
github.com/anthropic/swisseph-mcp/pkg/transit/transit.go:1317.2,1317.22 1 1
github.com/anthropic/swisseph-mcp/pkg/transit/transit.go:1320.84,1321.24 1 1
github.com/anthropic/swisseph-mcp/pkg/transit/transit.go:1321.24,1325.26 4 1
github.com/anthropic/swisseph-mcp/pkg/transit/transit.go:1325.26,1327.4 1 1
github.com/anthropic/swisseph-mcp/pkg/transit/transit.go:1327.9,1329.4 1 1
github.com/anthropic/swisseph-mcp/pkg/transit/transit.go:1331.2,1331.22 1 1
github.com/anthropic/swisseph-mcp/pkg/transit/transit.go:1334.103,1335.24 1 1
github.com/anthropic/swisseph-mcp/pkg/transit/transit.go:1335.24,1339.28 4 1
github.com/anthropic/swisseph-mcp/pkg/transit/transit.go:1339.28,1341.4 1 1
github.com/anthropic/swisseph-mcp/pkg/transit/transit.go:1341.9,1343.4 1 1
github.com/anthropic/swisseph-mcp/pkg/transit/transit.go:1345.2,1345.22 1 1
