mode: set
github.com/anthropic/swisseph-mcp/pkg/export/export.go:35.25,37.2 1 1
github.com/anthropic/swisseph-mcp/pkg/export/export.go:40.37,41.13 1 1
github.com/anthropic/swisseph-mcp/pkg/export/export.go:41.13,43.3 1 1
github.com/anthropic/swisseph-mcp/pkg/export/export.go:44.2,44.14 1 1
github.com/anthropic/swisseph-mcp/pkg/export/export.go:48.52,49.23 1 1
github.com/anthropic/swisseph-mcp/pkg/export/export.go:50.27,51.46 1 1
github.com/anthropic/swisseph-mcp/pkg/export/export.go:52.31,55.24 2 1
github.com/anthropic/swisseph-mcp/pkg/export/export.go:56.28,57.24 1 1
github.com/anthropic/swisseph-mcp/pkg/export/export.go:58.11,59.21 1 1
github.com/anthropic/swisseph-mcp/pkg/export/export.go:61.32,62.17 1 1
github.com/anthropic/swisseph-mcp/pkg/export/export.go:63.10,66.25 3 1
github.com/anthropic/swisseph-mcp/pkg/export/export.go:71.63,79.16 3 1
github.com/anthropic/swisseph-mcp/pkg/export/export.go:79.16,81.18 2 1
github.com/anthropic/swisseph-mcp/pkg/export/export.go:81.18,84.4 2 1
github.com/anthropic/swisseph-mcp/pkg/export/export.go:87.2,89.23 2 1
github.com/anthropic/swisseph-mcp/pkg/export/export.go:90.27,97.44 7 1
github.com/anthropic/swisseph-mcp/pkg/export/export.go:99.31,111.44 12 1
github.com/anthropic/swisseph-mcp/pkg/export/export.go:113.32,125.50 12 1
github.com/anthropic/swisseph-mcp/pkg/export/export.go:127.32,136.44 9 1
github.com/anthropic/swisseph-mcp/pkg/export/export.go:138.10,151.50 12 1
github.com/anthropic/swisseph-mcp/pkg/export/export.go:154.2,154.12 1 1
github.com/anthropic/swisseph-mcp/pkg/export/export.go:158.34,162.31 3 1
github.com/anthropic/swisseph-mcp/pkg/export/export.go:162.31,164.3 1 1
github.com/anthropic/swisseph-mcp/pkg/export/export.go:165.2,165.10 1 1
github.com/anthropic/swisseph-mcp/pkg/export/export.go:169.38,171.27 1 1
github.com/anthropic/swisseph-mcp/pkg/export/export.go:171.27,176.3 1 1
github.com/anthropic/swisseph-mcp/pkg/export/export.go:178.2,182.47 1 1
github.com/anthropic/swisseph-mcp/pkg/export/export.go:188.82,189.19 1 1
github.com/anthropic/swisseph-mcp/pkg/export/export.go:189.19,191.3 1 1
github.com/anthropic/swisseph-mcp/pkg/export/export.go:192.2,195.29 4 1
github.com/anthropic/swisseph-mcp/pkg/export/export.go:195.29,200.3 4 1
github.com/anthropic/swisseph-mcp/pkg/export/export.go:201.2,201.20 1 1
github.com/anthropic/swisseph-mcp/pkg/export/export.go:205.65,209.16 2 1
github.com/anthropic/swisseph-mcp/pkg/export/export.go:209.16,211.3 1 0
github.com/anthropic/swisseph-mcp/pkg/export/export.go:212.2,212.26 1 1
github.com/anthropic/swisseph-mcp/pkg/chart/chart.go:13.148,18.16 3 1
github.com/anthropic/swisseph-mcp/pkg/chart/chart.go:18.16,20.3 1 0
github.com/anthropic/swisseph-mcp/pkg/chart/chart.go:23.2,24.16 2 1
github.com/anthropic/swisseph-mcp/pkg/chart/chart.go:24.16,26.3 1 0
github.com/anthropic/swisseph-mcp/pkg/chart/chart.go:28.2,29.26 2 1
github.com/anthropic/swisseph-mcp/pkg/chart/chart.go:29.26,31.3 1 1
github.com/anthropic/swisseph-mcp/pkg/chart/chart.go:33.2,44.30 4 1
github.com/anthropic/swisseph-mcp/pkg/chart/chart.go:44.30,46.17 2 1
github.com/anthropic/swisseph-mcp/pkg/chart/chart.go:46.17,48.4 1 0
github.com/anthropic/swisseph-mcp/pkg/chart/chart.go:49.3,54.5 2 1
github.com/anthropic/swisseph-mcp/pkg/chart/chart.go:58.2,65.8 2 1
github.com/anthropic/swisseph-mcp/pkg/chart/chart.go:74.75,78.16 2 1
github.com/anthropic/swisseph-mcp/pkg/chart/chart.go:78.16,80.3 1 0
github.com/anthropic/swisseph-mcp/pkg/chart/chart.go:83.2,84.16 2 1
github.com/anthropic/swisseph-mcp/pkg/chart/chart.go:84.16,86.3 1 0
github.com/anthropic/swisseph-mcp/pkg/chart/chart.go:89.2,91.39 2 1
github.com/anthropic/swisseph-mcp/pkg/chart/chart.go:91.39,97.3 1 1
github.com/anthropic/swisseph-mcp/pkg/chart/chart.go:98.2,98.39 1 1
github.com/anthropic/swisseph-mcp/pkg/chart/chart.go:98.39,104.3 1 1
github.com/anthropic/swisseph-mcp/pkg/chart/chart.go:107.2,107.26 1 1
github.com/anthropic/swisseph-mcp/pkg/chart/chart.go:107.26,115.3 4 1
github.com/anthropic/swisseph-mcp/pkg/chart/chart.go:117.2,119.50 2 1
github.com/anthropic/swisseph-mcp/pkg/chart/chart.go:123.140,125.35 1 1
github.com/anthropic/swisseph-mcp/pkg/chart/chart.go:125.35,127.17 2 1
github.com/anthropic/swisseph-mcp/pkg/chart/chart.go:127.17,129.4 1 0
github.com/anthropic/swisseph-mcp/pkg/chart/chart.go:130.3,140.9 2 1
github.com/anthropic/swisseph-mcp/pkg/chart/chart.go:143.2,144.9 2 1
github.com/anthropic/swisseph-mcp/pkg/chart/chart.go:144.9,146.3 1 0
github.com/anthropic/swisseph-mcp/pkg/chart/chart.go:148.2,149.16 2 1
github.com/anthropic/swisseph-mcp/pkg/chart/chart.go:149.16,151.3 1 0
github.com/anthropic/swisseph-mcp/pkg/chart/chart.go:153.2,164.8 2 1
github.com/anthropic/swisseph-mcp/pkg/chart/chart.go:168.86,170.16 2 1
github.com/anthropic/swisseph-mcp/pkg/chart/chart.go:170.16,172.3 1 0
github.com/anthropic/swisseph-mcp/pkg/chart/chart.go:173.2,173.17 1 1
github.com/anthropic/swisseph-mcp/pkg/chart/chart.go:177.50,178.21 1 1
github.com/anthropic/swisseph-mcp/pkg/chart/chart.go:178.21,180.3 1 1
github.com/anthropic/swisseph-mcp/pkg/chart/chart.go:181.2,181.26 1 1
github.com/anthropic/swisseph-mcp/pkg/chart/chart.go:181.26,185.14 4 1
github.com/anthropic/swisseph-mcp/pkg/chart/chart.go:185.14,186.29 1 1
github.com/anthropic/swisseph-mcp/pkg/chart/chart.go:186.29,188.5 1 1
github.com/anthropic/swisseph-mcp/pkg/chart/chart.go:189.9,190.29 1 1
github.com/anthropic/swisseph-mcp/pkg/chart/chart.go:190.29,192.5 1 1
github.com/anthropic/swisseph-mcp/pkg/chart/chart.go:195.2,195.10 1 0
github.com/anthropic/swisseph-mcp/pkg/chart/chart.go:200.88,207.27 4 1
github.com/anthropic/swisseph-mcp/pkg/chart/chart.go:207.27,209.12 2 1
github.com/anthropic/swisseph-mcp/pkg/chart/chart.go:210.24,211.26 1 1
github.com/anthropic/swisseph-mcp/pkg/chart/chart.go:212.23,213.25 1 1
github.com/anthropic/swisseph-mcp/pkg/chart/chart.go:214.24,215.26 1 1
github.com/anthropic/swisseph-mcp/pkg/chart/chart.go:216.23,217.25 1 1
github.com/anthropic/swisseph-mcp/pkg/chart/chart.go:218.27,219.26 1 1
github.com/anthropic/swisseph-mcp/pkg/chart/chart.go:219.26,221.5 1 1
github.com/anthropic/swisseph-mcp/pkg/chart/chart.go:222.31,223.26 1 1
github.com/anthropic/swisseph-mcp/pkg/chart/chart.go:223.26,225.5 1 1
github.com/anthropic/swisseph-mcp/pkg/chart/chart.go:226.30,227.26 1 1
github.com/anthropic/swisseph-mcp/pkg/chart/chart.go:227.26,229.5 1 1
github.com/anthropic/swisseph-mcp/pkg/chart/chart.go:230.31,231.50 1 1
github.com/anthropic/swisseph-mcp/pkg/chart/chart.go:232.30,233.49 1 1
github.com/anthropic/swisseph-mcp/pkg/chart/chart.go:234.11,235.12 1 0
github.com/anthropic/swisseph-mcp/pkg/chart/chart.go:238.3,242.5 1 1
github.com/anthropic/swisseph-mcp/pkg/chart/chart.go:245.2,245.15 1 1
github.com/anthropic/swisseph-mcp/pkg/chart/chart.go:249.50,252.31 3 1
github.com/anthropic/swisseph-mcp/pkg/chart/chart.go:252.31,254.3 1 0
github.com/anthropic/swisseph-mcp/pkg/chart/chart.go:256.2,257.15 2 1
github.com/anthropic/swisseph-mcp/pkg/chart/chart.go:257.15,259.3 1 1
github.com/anthropic/swisseph-mcp/pkg/chart/chart.go:260.2,260.69 1 1
github.com/anthropic/swisseph-mcp/pkg/chart/chart.go:264.49,267.31 3 1
github.com/anthropic/swisseph-mcp/pkg/chart/chart.go:267.31,269.3 1 0
github.com/anthropic/swisseph-mcp/pkg/chart/chart.go:270.2,271.15 2 1
github.com/anthropic/swisseph-mcp/pkg/chart/chart.go:271.15,273.3 1 1
github.com/anthropic/swisseph-mcp/pkg/chart/chart.go:274.2,274.69 1 1
github.com/anthropic/swisseph-mcp/pkg/chart/chart.go:278.43,283.2 3 1
github.com/anthropic/swisseph-mcp/pkg/chart/chart.go:286.107,287.35 1 1
github.com/anthropic/swisseph-mcp/pkg/chart/chart.go:287.35,290.17 3 1
github.com/anthropic/swisseph-mcp/pkg/chart/chart.go:290.17,292.4 1 0
github.com/anthropic/swisseph-mcp/pkg/chart/chart.go:293.3,293.69 1 1
github.com/anthropic/swisseph-mcp/pkg/chart/chart.go:296.2,297.9 2 1
github.com/anthropic/swisseph-mcp/pkg/chart/chart.go:297.9,299.3 1 1
github.com/anthropic/swisseph-mcp/pkg/chart/chart.go:300.2,301.16 2 1
github.com/anthropic/swisseph-mcp/pkg/chart/chart.go:301.16,303.3 1 0
github.com/anthropic/swisseph-mcp/pkg/chart/chart.go:304.2,304.38 1 1
github.com/anthropic/swisseph-mcp/pkg/chart/chart.go:308.124,311.16 3 1
github.com/anthropic/swisseph-mcp/pkg/chart/chart.go:311.16,313.3 1 0
github.com/anthropic/swisseph-mcp/pkg/chart/chart.go:315.2,315.12 1 1
github.com/anthropic/swisseph-mcp/pkg/chart/chart.go:316.23,317.21 1 1
github.com/anthropic/swisseph-mcp/pkg/chart/chart.go:318.22,319.20 1 1
github.com/anthropic/swisseph-mcp/pkg/chart/chart.go:320.23,321.51 1 1
github.com/anthropic/swisseph-mcp/pkg/chart/chart.go:322.22,323.50 1 1
github.com/anthropic/swisseph-mcp/pkg/chart/chart.go:324.26,325.24 1 1
github.com/anthropic/swisseph-mcp/pkg/chart/chart.go:326.30,327.54 1 1
github.com/anthropic/swisseph-mcp/pkg/chart/chart.go:328.29,329.23 1 1
github.com/anthropic/swisseph-mcp/pkg/chart/chart.go:330.30,331.45 1 1
github.com/anthropic/swisseph-mcp/pkg/chart/chart.go:332.29,333.44 1 1
github.com/anthropic/swisseph-mcp/pkg/chart/chart.go:334.10,335.56 1 1
github.com/anthropic/swisseph-mcp/pkg/chart/chart.go:340.95,343.16 3 1
github.com/anthropic/swisseph-mcp/pkg/chart/chart.go:343.16,345.3 1 0
github.com/anthropic/swisseph-mcp/pkg/chart/chart.go:346.2,347.26 2 1
github.com/anthropic/swisseph-mcp/pkg/chart/chart.go:347.26,349.3 1 1
github.com/anthropic/swisseph-mcp/pkg/chart/chart.go:350.2,350.19 1 1
github.com/anthropic/swisseph-mcp/pkg/chart/chart.go:354.62,356.2 1 1
github.com/anthropic/swisseph-mcp/pkg/chart/chart.go:359.35,361.11 2 1
github.com/anthropic/swisseph-mcp/pkg/chart/chart.go:361.11,363.3 1 1
github.com/anthropic/swisseph-mcp/pkg/chart/chart.go:364.2,364.16 1 1
github.com/anthropic/swisseph-mcp/pkg/julian/julian.go:13.99,15.16 2 1
github.com/anthropic/swisseph-mcp/pkg/julian/julian.go:15.16,17.3 1 1
github.com/anthropic/swisseph-mcp/pkg/julian/julian.go:20.2,34.8 10 1
github.com/anthropic/swisseph-mcp/pkg/julian/julian.go:38.64,40.16 2 1
github.com/anthropic/swisseph-mcp/pkg/julian/julian.go:40.16,42.3 1 1
github.com/anthropic/swisseph-mcp/pkg/julian/julian.go:44.2,57.36 10 1
github.com/anthropic/swisseph-mcp/pkg/progressions/progressions.go:18.65,20.2 1 1
github.com/anthropic/swisseph-mcp/pkg/progressions/progressions.go:25.114,28.16 3 1
github.com/anthropic/swisseph-mcp/pkg/progressions/progressions.go:28.16,30.3 1 0
github.com/anthropic/swisseph-mcp/pkg/progressions/progressions.go:32.2,33.24 2 1
github.com/anthropic/swisseph-mcp/pkg/progressions/progressions.go:38.66,40.16 2 1
github.com/anthropic/swisseph-mcp/pkg/progressions/progressions.go:40.16,42.3 1 0
github.com/anthropic/swisseph-mcp/pkg/progressions/progressions.go:44.2,46.16 3 1
github.com/anthropic/swisseph-mcp/pkg/progressions/progressions.go:46.16,48.3 1 0
github.com/anthropic/swisseph-mcp/pkg/progressions/progressions.go:50.2,50.58 1 1
github.com/anthropic/swisseph-mcp/pkg/progressions/progressions.go:56.112,59.16 2 1
github.com/anthropic/swisseph-mcp/pkg/progressions/progressions.go:59.16,61.3 1 0
github.com/anthropic/swisseph-mcp/pkg/progressions/progressions.go:63.2,64.16 2 1
github.com/anthropic/swisseph-mcp/pkg/progressions/progressions.go:64.16,66.3 1 0
github.com/anthropic/swisseph-mcp/pkg/progressions/progressions.go:68.2,73.16 4 1
github.com/anthropic/swisseph-mcp/pkg/progressions/progressions.go:73.16,75.3 1 0
github.com/anthropic/swisseph-mcp/pkg/progressions/progressions.go:76.2,78.24 2 1
github.com/anthropic/swisseph-mcp/pkg/progressions/progressions.go:82.46,84.2 1 1
github.com/anthropic/swisseph-mcp/pkg/progressions/progressions.go:87.51,92.2 4 1
github.com/anthropic/swisseph-mcp/pkg/progressions/progressions.go:95.50,100.2 4 1
github.com/anthropic/swisseph-mcp/pkg/progressions/progressions.go:103.59,112.2 6 1
github.com/anthropic/swisseph-mcp/pkg/progressions/progressions.go:117.125,120.16 2 1
github.com/anthropic/swisseph-mcp/pkg/progressions/progressions.go:120.16,122.3 1 0
github.com/anthropic/swisseph-mcp/pkg/progressions/progressions.go:125.2,127.16 3 1
github.com/anthropic/swisseph-mcp/pkg/progressions/progressions.go:127.16,129.3 1 0
github.com/anthropic/swisseph-mcp/pkg/progressions/progressions.go:130.2,134.16 3 1
github.com/anthropic/swisseph-mcp/pkg/progressions/progressions.go:134.16,136.3 1 0
github.com/anthropic/swisseph-mcp/pkg/progressions/progressions.go:139.2,150.21 7 1
github.com/anthropic/swisseph-mcp/pkg/progressions/progressions.go:155.145,157.16 2 1
github.com/anthropic/swisseph-mcp/pkg/progressions/progressions.go:157.16,159.3 1 0
github.com/anthropic/swisseph-mcp/pkg/progressions/progressions.go:160.2,160.12 1 1
github.com/anthropic/swisseph-mcp/pkg/progressions/progressions.go:161.23,162.18 1 1
github.com/anthropic/swisseph-mcp/pkg/progressions/progressions.go:163.22,164.17 1 1
github.com/anthropic/swisseph-mcp/pkg/progressions/progressions.go:165.23,166.48 1 1
github.com/anthropic/swisseph-mcp/pkg/progressions/progressions.go:167.22,168.47 1 1
github.com/anthropic/swisseph-mcp/pkg/progressions/progressions.go:169.10,170.72 1 1
github.com/anthropic/swisseph-mcp/pkg/models/models.go:91.42,92.12 1 1
github.com/anthropic/swisseph-mcp/pkg/models/models.go:93.21,94.20 1 1
github.com/anthropic/swisseph-mcp/pkg/models/models.go:95.19,96.19 1 1
github.com/anthropic/swisseph-mcp/pkg/models/models.go:97.22,98.17 1 1
github.com/anthropic/swisseph-mcp/pkg/models/models.go:99.24,100.22 1 1
github.com/anthropic/swisseph-mcp/pkg/models/models.go:101.28,102.22 1 1
github.com/anthropic/swisseph-mcp/pkg/models/models.go:103.24,104.20 1 1
github.com/anthropic/swisseph-mcp/pkg/models/models.go:105.10,106.20 1 1
github.com/anthropic/swisseph-mcp/pkg/models/models.go:143.35,155.2 1 1
github.com/anthropic/swisseph-mcp/pkg/models/models.go:158.50,159.12 1 1
github.com/anthropic/swisseph-mcp/pkg/models/models.go:160.25,161.23 1 1
github.com/anthropic/swisseph-mcp/pkg/models/models.go:162.24,163.22 1 1
github.com/anthropic/swisseph-mcp/pkg/models/models.go:164.19,165.17 1 1
github.com/anthropic/swisseph-mcp/pkg/models/models.go:166.20,167.18 1 1
github.com/anthropic/swisseph-mcp/pkg/models/models.go:168.21,169.19 1 1
github.com/anthropic/swisseph-mcp/pkg/models/models.go:170.22,171.20 1 1
github.com/anthropic/swisseph-mcp/pkg/models/models.go:172.25,173.23 1 1
github.com/anthropic/swisseph-mcp/pkg/models/models.go:174.24,175.22 1 1
github.com/anthropic/swisseph-mcp/pkg/models/models.go:176.28,177.26 1 1
github.com/anthropic/swisseph-mcp/pkg/models/models.go:178.10,179.11 1 1
github.com/anthropic/swisseph-mcp/pkg/models/models.go:305.39,319.2 1 1
github.com/anthropic/swisseph-mcp/pkg/models/models.go:392.44,394.13 2 1
github.com/anthropic/swisseph-mcp/pkg/models/models.go:394.13,396.3 1 0
github.com/anthropic/swisseph-mcp/pkg/models/models.go:397.2,397.14 1 1
github.com/anthropic/swisseph-mcp/pkg/models/models.go:397.14,399.3 1 0
github.com/anthropic/swisseph-mcp/pkg/models/models.go:400.2,400.25 1 1
github.com/anthropic/swisseph-mcp/pkg/models/models.go:405.48,407.13 2 1
github.com/anthropic/swisseph-mcp/pkg/models/models.go:407.13,409.3 1 0
github.com/anthropic/swisseph-mcp/pkg/models/models.go:410.2,410.14 1 1
github.com/anthropic/swisseph-mcp/pkg/models/models.go:410.14,412.3 1 1
github.com/anthropic/swisseph-mcp/pkg/models/models.go:413.2,413.24 1 1
github.com/anthropic/swisseph-mcp/pkg/models/models.go:417.51,419.2 1 1
github.com/anthropic/swisseph-mcp/pkg/models/models.go:430.29,432.9 2 1
github.com/anthropic/swisseph-mcp/pkg/models/models.go:432.9,434.3 1 1
github.com/anthropic/swisseph-mcp/pkg/models/models.go:435.2,439.58 5 1
github.com/anthropic/swisseph-mcp/pkg/models/models.go:443.30,445.11 2 1
github.com/anthropic/swisseph-mcp/pkg/models/models.go:445.11,447.3 1 1
github.com/anthropic/swisseph-mcp/pkg/models/models.go:448.2,448.80 1 1
github.com/anthropic/swisseph-mcp/pkg/models/models.go:453.39,458.2 4 1
github.com/anthropic/swisseph-mcp/pkg/models/models.go:461.36,463.2 1 1
github.com/anthropic/swisseph-mcp/pkg/models/models.go:467.40,468.22 1 1
github.com/anthropic/swisseph-mcp/pkg/models/models.go:469.17,470.15 1 1
github.com/anthropic/swisseph-mcp/pkg/models/models.go:471.18,472.16 1 1
github.com/anthropic/swisseph-mcp/pkg/models/models.go:473.21,474.19 1 1
github.com/anthropic/swisseph-mcp/pkg/models/models.go:475.19,476.17 1 1
github.com/anthropic/swisseph-mcp/pkg/models/models.go:477.18,478.16 1 1
github.com/anthropic/swisseph-mcp/pkg/models/models.go:479.21,480.19 1 1
github.com/anthropic/swisseph-mcp/pkg/models/models.go:481.20,482.18 1 1
github.com/anthropic/swisseph-mcp/pkg/models/models.go:483.20,484.18 1 1
github.com/anthropic/swisseph-mcp/pkg/models/models.go:485.21,486.19 1 1
github.com/anthropic/swisseph-mcp/pkg/models/models.go:487.19,488.17 1 1
github.com/anthropic/swisseph-mcp/pkg/models/models.go:489.20,490.18 1 1
github.com/anthropic/swisseph-mcp/pkg/models/models.go:491.48,492.21 1 1
github.com/anthropic/swisseph-mcp/pkg/models/models.go:493.23,494.21 1 1
github.com/anthropic/swisseph-mcp/pkg/models/models.go:495.42,496.18 1 1
github.com/anthropic/swisseph-mcp/pkg/models/models.go:498.2,498.28 1 1
github.com/anthropic/swisseph-mcp/pkg/models/models.go:499.16,500.15 1 1
github.com/anthropic/swisseph-mcp/pkg/models/models.go:501.15,502.14 1 1
github.com/anthropic/swisseph-mcp/pkg/models/models.go:503.16,504.15 1 1
github.com/anthropic/swisseph-mcp/pkg/models/models.go:505.15,506.14 1 1
github.com/anthropic/swisseph-mcp/pkg/models/models.go:507.19,508.18 1 1
github.com/anthropic/swisseph-mcp/pkg/models/models.go:509.23,510.22 1 1
github.com/anthropic/swisseph-mcp/pkg/models/models.go:511.22,512.21 1 1
github.com/anthropic/swisseph-mcp/pkg/models/models.go:513.23,514.22 1 1
github.com/anthropic/swisseph-mcp/pkg/models/models.go:515.22,516.21 1 1
github.com/anthropic/swisseph-mcp/pkg/models/models.go:518.2,518.11 1 1
github.com/anthropic/swisseph-mcp/pkg/models/models.go:522.42,523.12 1 1
github.com/anthropic/swisseph-mcp/pkg/models/models.go:524.20,525.14 1 1
github.com/anthropic/swisseph-mcp/pkg/models/models.go:526.18,527.14 1 1
github.com/anthropic/swisseph-mcp/pkg/models/models.go:528.25,529.14 1 1
github.com/anthropic/swisseph-mcp/pkg/models/models.go:530.21,531.14 1 1
github.com/anthropic/swisseph-mcp/pkg/models/models.go:532.10,533.20 1 1
github.com/anthropic/swisseph-mcp/pkg/models/models.go:538.65,539.12 1 1
github.com/anthropic/swisseph-mcp/pkg/models/models.go:540.24,541.17 1 1
github.com/anthropic/swisseph-mcp/pkg/models/models.go:542.24,543.17 1 1
github.com/anthropic/swisseph-mcp/pkg/models/models.go:544.24,545.17 1 1
github.com/anthropic/swisseph-mcp/pkg/models/models.go:546.24,547.17 1 1
github.com/anthropic/swisseph-mcp/pkg/models/models.go:548.24,549.23 1 1
github.com/anthropic/swisseph-mcp/pkg/models/models.go:550.20,551.35 1 1
github.com/anthropic/swisseph-mcp/pkg/models/models.go:551.35,553.4 1 1
github.com/anthropic/swisseph-mcp/pkg/models/models.go:554.3,554.22 1 1
github.com/anthropic/swisseph-mcp/pkg/models/models.go:555.25,556.16 1 1
github.com/anthropic/swisseph-mcp/pkg/models/models.go:557.25,558.24 1 1
github.com/anthropic/swisseph-mcp/pkg/models/models.go:559.10,560.20 1 1
github.com/anthropic/swisseph-mcp/pkg/models/models.go:566.51,570.2 3 1
github.com/anthropic/swisseph-mcp/pkg/models/planet_map.go:6.44,26.2 3 1
github.com/anthropic/swisseph-mcp/pkg/models/planet_map.go:29.44,39.24 2 1
github.com/anthropic/swisseph-mcp/pkg/models/planet_map.go:39.24,41.3 1 1
github.com/anthropic/swisseph-mcp/pkg/models/planet_map.go:42.2,42.28 1 1
github.com/anthropic/swisseph-mcp/pkg/sweph/sweph.go:98.28,103.16 4 1
github.com/anthropic/swisseph-mcp/pkg/sweph/sweph.go:103.16,105.3 1 0
github.com/anthropic/swisseph-mcp/pkg/sweph/sweph.go:107.2,107.23 1 1
github.com/anthropic/swisseph-mcp/pkg/sweph/sweph.go:107.23,109.3 1 1
github.com/anthropic/swisseph-mcp/pkg/sweph/sweph.go:111.2,112.33 2 1
github.com/anthropic/swisseph-mcp/pkg/sweph/sweph.go:116.14,120.2 3 0
github.com/anthropic/swisseph-mcp/pkg/sweph/sweph.go:123.60,132.13 7 1
github.com/anthropic/swisseph-mcp/pkg/sweph/sweph.go:132.13,134.3 1 0
github.com/anthropic/swisseph-mcp/pkg/sweph/sweph.go:136.2,144.8 1 1
github.com/anthropic/swisseph-mcp/pkg/sweph/sweph.go:148.77,164.26 7 1
github.com/anthropic/swisseph-mcp/pkg/sweph/sweph.go:164.26,166.3 1 1
github.com/anthropic/swisseph-mcp/pkg/sweph/sweph.go:167.2,167.20 1 1
github.com/anthropic/swisseph-mcp/pkg/sweph/sweph.go:171.87,181.23 8 1
github.com/anthropic/swisseph-mcp/pkg/sweph/sweph.go:181.23,183.3 1 0
github.com/anthropic/swisseph-mcp/pkg/sweph/sweph.go:184.2,184.26 1 1
github.com/anthropic/swisseph-mcp/pkg/sweph/sweph.go:188.73,190.16 2 1
github.com/anthropic/swisseph-mcp/pkg/sweph/sweph.go:190.16,192.3 1 1
github.com/anthropic/swisseph-mcp/pkg/sweph/sweph.go:193.2,193.90 1 1
github.com/anthropic/swisseph-mcp/pkg/sweph/sweph.go:197.78,199.16 2 1
github.com/anthropic/swisseph-mcp/pkg/sweph/sweph.go:199.16,201.3 1 1
github.com/anthropic/swisseph-mcp/pkg/sweph/sweph.go:202.2,205.43 4 1
github.com/anthropic/swisseph-mcp/pkg/sweph/sweph.go:209.35,211.2 1 1
github.com/anthropic/swisseph-mcp/pkg/sweph/sweph.go:214.47,221.13 6 1
github.com/anthropic/swisseph-mcp/pkg/sweph/sweph.go:221.13,223.3 1 0
github.com/anthropic/swisseph-mcp/pkg/sweph/sweph.go:224.2,224.28 1 1
github.com/anthropic/swisseph-mcp/pkg/sweph/sweph.go:228.44,230.13 2 1
github.com/anthropic/swisseph-mcp/pkg/sweph/sweph.go:230.13,232.3 1 1
github.com/anthropic/swisseph-mcp/pkg/sweph/sweph.go:233.2,233.12 1 1
github.com/anthropic/swisseph-mcp/pkg/geo/geo.go:18.13,21.16 3 1
github.com/anthropic/swisseph-mcp/pkg/geo/geo.go:21.16,22.64 1 0
github.com/anthropic/swisseph-mcp/pkg/geo/geo.go:27.50,29.14 2 1
github.com/anthropic/swisseph-mcp/pkg/geo/geo.go:29.14,32.18 2 0
github.com/anthropic/swisseph-mcp/pkg/geo/geo.go:32.18,34.4 1 0
github.com/anthropic/swisseph-mcp/pkg/geo/geo.go:35.3,35.17 1 0
github.com/anthropic/swisseph-mcp/pkg/geo/geo.go:35.17,37.4 1 0
github.com/anthropic/swisseph-mcp/pkg/geo/geo.go:38.3,38.44 1 0
github.com/anthropic/swisseph-mcp/pkg/geo/geo.go:40.2,40.11 1 1
github.com/anthropic/swisseph-mcp/pkg/geo/geo.go:51.64,53.16 2 1
github.com/anthropic/swisseph-mcp/pkg/geo/geo.go:53.16,55.3 1 1
github.com/anthropic/swisseph-mcp/pkg/geo/geo.go:56.2,56.31 1 1
github.com/anthropic/swisseph-mcp/pkg/geo/geo.go:62.73,67.16 3 1
github.com/anthropic/swisseph-mcp/pkg/geo/geo.go:67.16,69.3 1 0
github.com/anthropic/swisseph-mcp/pkg/geo/geo.go:70.2,73.16 3 1
github.com/anthropic/swisseph-mcp/pkg/geo/geo.go:73.16,75.3 1 0
github.com/anthropic/swisseph-mcp/pkg/geo/geo.go:76.2,79.68 3 1
github.com/anthropic/swisseph-mcp/pkg/geo/geo.go:79.68,81.3 1 1
github.com/anthropic/swisseph-mcp/pkg/geo/geo.go:82.2,82.23 1 1
github.com/anthropic/swisseph-mcp/pkg/geo/geo.go:82.23,84.3 1 1
github.com/anthropic/swisseph-mcp/pkg/geo/geo.go:86.2,97.8 5 1
github.com/anthropic/swisseph-mcp/pkg/mcp/server.go:26.41,28.2 1 1
github.com/anthropic/swisseph-mcp/pkg/mcp/server.go:96.30,105.6 6 0
github.com/anthropic/swisseph-mcp/pkg/mcp/server.go:105.6,107.46 2 0
github.com/anthropic/swisseph-mcp/pkg/mcp/server.go:107.46,108.21 1 0
github.com/anthropic/swisseph-mcp/pkg/mcp/server.go:108.21,110.5 1 0
github.com/anthropic/swisseph-mcp/pkg/mcp/server.go:111.4,111.12 1 0
github.com/anthropic/swisseph-mcp/pkg/mcp/server.go:114.3,115.18 2 0
github.com/anthropic/swisseph-mcp/pkg/mcp/server.go:115.18,117.4 1 0
github.com/anthropic/swisseph-mcp/pkg/mcp/server.go:121.70,122.20 1 1
github.com/anthropic/swisseph-mcp/pkg/mcp/server.go:123.20,124.33 1 1
github.com/anthropic/swisseph-mcp/pkg/mcp/server.go:125.35,126.13 1 1
github.com/anthropic/swisseph-mcp/pkg/mcp/server.go:127.20,128.32 1 1
github.com/anthropic/swisseph-mcp/pkg/mcp/server.go:129.20,130.32 1 1
github.com/anthropic/swisseph-mcp/pkg/mcp/server.go:131.10,136.4 1 1
github.com/anthropic/swisseph-mcp/pkg/mcp/server.go:140.73,155.2 1 1
github.com/anthropic/swisseph-mcp/pkg/mcp/server.go:157.72,313.2 2 1
github.com/anthropic/swisseph-mcp/pkg/mcp/server.go:315.72,317.60 2 1
github.com/anthropic/swisseph-mcp/pkg/mcp/server.go:317.60,319.3 1 1
github.com/anthropic/swisseph-mcp/pkg/mcp/server.go:321.2,324.21 3 1
github.com/anthropic/swisseph-mcp/pkg/mcp/server.go:325.17,326.50 1 1
github.com/anthropic/swisseph-mcp/pkg/mcp/server.go:327.24,328.55 1 1
github.com/anthropic/swisseph-mcp/pkg/mcp/server.go:329.24,330.55 1 1
github.com/anthropic/swisseph-mcp/pkg/mcp/server.go:331.30,332.61 1 1
github.com/anthropic/swisseph-mcp/pkg/mcp/server.go:333.27,334.58 1 1
github.com/anthropic/swisseph-mcp/pkg/mcp/server.go:335.27,336.58 1 1
github.com/anthropic/swisseph-mcp/pkg/mcp/server.go:337.27,338.59 1 1
github.com/anthropic/swisseph-mcp/pkg/mcp/server.go:339.24,340.55 1 1
github.com/anthropic/swisseph-mcp/pkg/mcp/server.go:341.22,342.54 1 1
github.com/anthropic/swisseph-mcp/pkg/mcp/server.go:343.10,344.69 1 1
github.com/anthropic/swisseph-mcp/pkg/mcp/server.go:347.2,347.16 1 1
github.com/anthropic/swisseph-mcp/pkg/mcp/server.go:347.16,356.3 1 0
github.com/anthropic/swisseph-mcp/pkg/mcp/server.go:358.2,365.3 2 1
github.com/anthropic/swisseph-mcp/pkg/mcp/server.go:368.75,374.2 1 1
github.com/anthropic/swisseph-mcp/pkg/mcp/server.go:386.86,391.53 2 1
github.com/anthropic/swisseph-mcp/pkg/mcp/server.go:391.53,393.3 1 0
github.com/anthropic/swisseph-mcp/pkg/mcp/server.go:395.2,396.16 2 1
github.com/anthropic/swisseph-mcp/pkg/mcp/server.go:396.16,398.3 1 0
github.com/anthropic/swisseph-mcp/pkg/mcp/server.go:400.2,407.8 1 1
github.com/anthropic/swisseph-mcp/pkg/mcp/server.go:410.75,414.53 2 1
github.com/anthropic/swisseph-mcp/pkg/mcp/server.go:414.53,416.3 1 0
github.com/anthropic/swisseph-mcp/pkg/mcp/server.go:417.2,417.40 1 1
github.com/anthropic/swisseph-mcp/pkg/mcp/server.go:420.80,425.53 2 1
github.com/anthropic/swisseph-mcp/pkg/mcp/server.go:425.53,427.3 1 0
github.com/anthropic/swisseph-mcp/pkg/mcp/server.go:428.2,428.26 1 1
github.com/anthropic/swisseph-mcp/pkg/mcp/server.go:428.26,430.3 1 1
github.com/anthropic/swisseph-mcp/pkg/mcp/server.go:431.2,431.60 1 1
github.com/anthropic/swisseph-mcp/pkg/mcp/server.go:434.80,439.53 2 1
github.com/anthropic/swisseph-mcp/pkg/mcp/server.go:439.53,441.3 1 0
github.com/anthropic/swisseph-mcp/pkg/mcp/server.go:442.2,442.26 1 1
github.com/anthropic/swisseph-mcp/pkg/mcp/server.go:442.26,444.3 1 0
github.com/anthropic/swisseph-mcp/pkg/mcp/server.go:445.2,446.16 2 1
github.com/anthropic/swisseph-mcp/pkg/mcp/server.go:446.16,448.3 1 0
github.com/anthropic/swisseph-mcp/pkg/mcp/server.go:449.2,449.47 1 1
github.com/anthropic/swisseph-mcp/pkg/mcp/server.go:452.83,461.53 2 1
github.com/anthropic/swisseph-mcp/pkg/mcp/server.go:461.53,463.3 1 0
github.com/anthropic/swisseph-mcp/pkg/mcp/server.go:465.2,465.29 1 1
github.com/anthropic/swisseph-mcp/pkg/mcp/server.go:465.29,467.3 1 1
github.com/anthropic/swisseph-mcp/pkg/mcp/server.go:468.2,468.29 1 1
github.com/anthropic/swisseph-mcp/pkg/mcp/server.go:468.29,470.3 1 1
github.com/anthropic/swisseph-mcp/pkg/mcp/server.go:471.2,472.28 2 1
github.com/anthropic/swisseph-mcp/pkg/mcp/server.go:472.28,474.3 1 1
github.com/anthropic/swisseph-mcp/pkg/mcp/server.go:476.2,476.115 1 1
github.com/anthropic/swisseph-mcp/pkg/mcp/server.go:479.83,493.53 2 1
github.com/anthropic/swisseph-mcp/pkg/mcp/server.go:493.53,495.3 1 0
github.com/anthropic/swisseph-mcp/pkg/mcp/server.go:497.2,497.34 1 1
github.com/anthropic/swisseph-mcp/pkg/mcp/server.go:497.34,499.3 1 1
github.com/anthropic/swisseph-mcp/pkg/mcp/server.go:500.2,500.34 1 1
github.com/anthropic/swisseph-mcp/pkg/mcp/server.go:500.34,502.3 1 1
github.com/anthropic/swisseph-mcp/pkg/mcp/server.go:503.2,503.29 1 1
github.com/anthropic/swisseph-mcp/pkg/mcp/server.go:503.29,505.3 1 1
github.com/anthropic/swisseph-mcp/pkg/mcp/server.go:506.2,507.28 2 1
github.com/anthropic/swisseph-mcp/pkg/mcp/server.go:507.28,509.3 1 1
github.com/anthropic/swisseph-mcp/pkg/mcp/server.go:511.2,516.16 2 1
github.com/anthropic/swisseph-mcp/pkg/mcp/server.go:516.16,518.3 1 0
github.com/anthropic/swisseph-mcp/pkg/mcp/server.go:520.2,524.8 1 1
github.com/anthropic/swisseph-mcp/pkg/mcp/server.go:527.79,529.16 2 1
github.com/anthropic/swisseph-mcp/pkg/mcp/server.go:529.16,531.3 1 0
github.com/anthropic/swisseph-mcp/pkg/mcp/server.go:534.2,540.16 4 1
github.com/anthropic/swisseph-mcp/pkg/mcp/server.go:540.16,542.3 1 0
github.com/anthropic/swisseph-mcp/pkg/mcp/server.go:544.2,544.28 1 1
github.com/anthropic/swisseph-mcp/pkg/mcp/server.go:545.13,551.9 2 1
github.com/anthropic/swisseph-mcp/pkg/mcp/server.go:552.10,555.9 1 1
github.com/anthropic/swisseph-mcp/pkg/mcp/server.go:559.84,565.53 2 1
github.com/anthropic/swisseph-mcp/pkg/mcp/server.go:565.53,567.3 1 0
github.com/anthropic/swisseph-mcp/pkg/mcp/server.go:569.2,569.29 1 1
github.com/anthropic/swisseph-mcp/pkg/mcp/server.go:569.29,571.3 1 1
github.com/anthropic/swisseph-mcp/pkg/mcp/server.go:573.2,586.36 5 1
github.com/anthropic/swisseph-mcp/pkg/mcp/server.go:586.36,588.17 2 1
github.com/anthropic/swisseph-mcp/pkg/mcp/server.go:588.17,589.12 1 0
github.com/anthropic/swisseph-mcp/pkg/mcp/server.go:591.3,598.5 1 1
github.com/anthropic/swisseph-mcp/pkg/mcp/server.go:601.2,605.8 1 1
github.com/anthropic/swisseph-mcp/pkg/mcp/server.go:608.80,614.53 2 1
github.com/anthropic/swisseph-mcp/pkg/mcp/server.go:614.53,616.3 1 0
github.com/anthropic/swisseph-mcp/pkg/mcp/server.go:618.2,618.29 1 1
github.com/anthropic/swisseph-mcp/pkg/mcp/server.go:618.29,620.3 1 1
github.com/anthropic/swisseph-mcp/pkg/mcp/server.go:622.2,624.16 3 1
github.com/anthropic/swisseph-mcp/pkg/mcp/server.go:624.16,626.3 1 0
github.com/anthropic/swisseph-mcp/pkg/mcp/server.go:628.2,637.36 3 1
github.com/anthropic/swisseph-mcp/pkg/mcp/server.go:637.36,639.17 2 1
github.com/anthropic/swisseph-mcp/pkg/mcp/server.go:639.17,640.12 1 0
github.com/anthropic/swisseph-mcp/pkg/mcp/server.go:642.3,648.5 1 1
github.com/anthropic/swisseph-mcp/pkg/mcp/server.go:651.2,655.8 1 1
github.com/anthropic/swisseph-mcp/pkg/mcp/server.go:659.100,681.53 2 1
github.com/anthropic/swisseph-mcp/pkg/mcp/server.go:681.53,683.3 1 1
github.com/anthropic/swisseph-mcp/pkg/mcp/server.go:685.2,685.34 1 1
github.com/anthropic/swisseph-mcp/pkg/mcp/server.go:685.34,687.3 1 1
github.com/anthropic/swisseph-mcp/pkg/mcp/server.go:688.2,688.36 1 1
github.com/anthropic/swisseph-mcp/pkg/mcp/server.go:688.36,690.3 1 1
github.com/anthropic/swisseph-mcp/pkg/mcp/server.go:691.2,691.29 1 1
github.com/anthropic/swisseph-mcp/pkg/mcp/server.go:691.29,693.3 1 1
github.com/anthropic/swisseph-mcp/pkg/mcp/server.go:694.2,694.26 1 1
github.com/anthropic/swisseph-mcp/pkg/mcp/server.go:694.26,696.3 1 1
github.com/anthropic/swisseph-mcp/pkg/mcp/server.go:697.2,698.28 2 1
github.com/anthropic/swisseph-mcp/pkg/mcp/server.go:698.28,700.3 1 1
github.com/anthropic/swisseph-mcp/pkg/mcp/server.go:701.2,702.35 2 1
github.com/anthropic/swisseph-mcp/pkg/mcp/server.go:702.35,704.3 1 1
github.com/anthropic/swisseph-mcp/pkg/mcp/server.go:705.2,706.40 2 1
github.com/anthropic/swisseph-mcp/pkg/mcp/server.go:706.40,708.3 1 1
github.com/anthropic/swisseph-mcp/pkg/mcp/server.go:709.2,710.36 2 1
github.com/anthropic/swisseph-mcp/pkg/mcp/server.go:710.36,712.3 1 1
github.com/anthropic/swisseph-mcp/pkg/mcp/server.go:713.2,714.30 2 1
github.com/anthropic/swisseph-mcp/pkg/mcp/server.go:714.30,716.3 1 1
github.com/anthropic/swisseph-mcp/pkg/mcp/server.go:718.2,736.24 1 1
github.com/anthropic/swisseph-mcp/pkg/transit/transit.go:22.51,24.33 2 1
github.com/anthropic/swisseph-mcp/pkg/transit/transit.go:24.33,26.3 1 1
github.com/anthropic/swisseph-mcp/pkg/transit/transit.go:27.2,27.21 1 1
github.com/anthropic/swisseph-mcp/pkg/transit/transit.go:27.21,30.3 1 1
github.com/anthropic/swisseph-mcp/pkg/transit/transit.go:31.2,31.20 1 1
github.com/anthropic/swisseph-mcp/pkg/transit/transit.go:31.20,34.3 1 1
github.com/anthropic/swisseph-mcp/pkg/transit/transit.go:35.2,35.17 1 1
github.com/anthropic/swisseph-mcp/pkg/transit/transit.go:82.79,87.16 3 1
github.com/anthropic/swisseph-mcp/pkg/transit/transit.go:87.16,89.3 1 0
github.com/anthropic/swisseph-mcp/pkg/transit/transit.go:92.2,98.41 3 1
github.com/anthropic/swisseph-mcp/pkg/transit/transit.go:98.41,100.17 2 1
github.com/anthropic/swisseph-mcp/pkg/transit/transit.go:100.17,101.12 1 0
github.com/anthropic/swisseph-mcp/pkg/transit/transit.go:103.3,103.75 1 1
github.com/anthropic/swisseph-mcp/pkg/transit/transit.go:105.2,105.32 1 1
github.com/anthropic/swisseph-mcp/pkg/transit/transit.go:105.32,106.54 1 1
github.com/anthropic/swisseph-mcp/pkg/transit/transit.go:106.54,108.18 2 1
github.com/anthropic/swisseph-mcp/pkg/transit/transit.go:108.18,109.13 1 0
github.com/anthropic/swisseph-mcp/pkg/transit/transit.go:111.4,111.75 1 1
github.com/anthropic/swisseph-mcp/pkg/transit/transit.go:118.2,118.47 1 1
github.com/anthropic/swisseph-mcp/pkg/transit/transit.go:118.47,126.39 4 1
github.com/anthropic/swisseph-mcp/pkg/transit/transit.go:126.39,127.32 1 1
github.com/anthropic/swisseph-mcp/pkg/transit/transit.go:127.32,130.23 3 1
github.com/anthropic/swisseph-mcp/pkg/transit/transit.go:130.23,132.6 1 1
github.com/anthropic/swisseph-mcp/pkg/transit/transit.go:133.5,144.7 1 1
github.com/anthropic/swisseph-mcp/pkg/transit/transit.go:149.3,149.43 1 1
github.com/anthropic/swisseph-mcp/pkg/transit/transit.go:149.43,152.4 2 1
github.com/anthropic/swisseph-mcp/pkg/transit/transit.go:155.3,155.44 1 1
github.com/anthropic/swisseph-mcp/pkg/transit/transit.go:155.44,158.4 2 1
github.com/anthropic/swisseph-mcp/pkg/transit/transit.go:161.3,161.36 1 1
github.com/anthropic/swisseph-mcp/pkg/transit/transit.go:161.36,163.34 2 1
github.com/anthropic/swisseph-mcp/pkg/transit/transit.go:163.34,171.5 2 1
github.com/anthropic/swisseph-mcp/pkg/transit/transit.go:175.3,175.36 1 1
github.com/anthropic/swisseph-mcp/pkg/transit/transit.go:175.36,176.50 1 1
github.com/anthropic/swisseph-mcp/pkg/transit/transit.go:176.50,177.44 1 1
github.com/anthropic/swisseph-mcp/pkg/transit/transit.go:177.44,178.14 1 1
github.com/anthropic/swisseph-mcp/pkg/transit/transit.go:180.5,187.45 3 1
github.com/anthropic/swisseph-mcp/pkg/transit/transit.go:192.3,192.66 1 1
github.com/anthropic/swisseph-mcp/pkg/transit/transit.go:192.66,193.57 1 1
github.com/anthropic/swisseph-mcp/pkg/transit/transit.go:193.57,202.5 3 1
github.com/anthropic/swisseph-mcp/pkg/transit/transit.go:206.3,206.107 1 1
github.com/anthropic/swisseph-mcp/pkg/transit/transit.go:206.107,207.61 1 1
github.com/anthropic/swisseph-mcp/pkg/transit/transit.go:207.61,216.5 3 1
github.com/anthropic/swisseph-mcp/pkg/transit/transit.go:218.4,218.34 1 1
github.com/anthropic/swisseph-mcp/pkg/transit/transit.go:218.34,219.63 1 1
github.com/anthropic/swisseph-mcp/pkg/transit/transit.go:219.63,228.6 3 1
github.com/anthropic/swisseph-mcp/pkg/transit/transit.go:233.3,233.99 1 1
github.com/anthropic/swisseph-mcp/pkg/transit/transit.go:233.99,234.58 1 1
github.com/anthropic/swisseph-mcp/pkg/transit/transit.go:234.58,243.5 3 1
github.com/anthropic/swisseph-mcp/pkg/transit/transit.go:245.4,245.34 1 1
github.com/anthropic/swisseph-mcp/pkg/transit/transit.go:245.34,246.59 1 0
github.com/anthropic/swisseph-mcp/pkg/transit/transit.go:246.59,255.6 3 0
github.com/anthropic/swisseph-mcp/pkg/transit/transit.go:263.2,263.73 1 1
github.com/anthropic/swisseph-mcp/pkg/transit/transit.go:263.73,264.60 1 1
github.com/anthropic/swisseph-mcp/pkg/transit/transit.go:264.60,272.40 4 1
github.com/anthropic/swisseph-mcp/pkg/transit/transit.go:272.40,273.34 1 1
github.com/anthropic/swisseph-mcp/pkg/transit/transit.go:273.34,276.24 3 0
github.com/anthropic/swisseph-mcp/pkg/transit/transit.go:276.24,278.7 1 0
github.com/anthropic/swisseph-mcp/pkg/transit/transit.go:279.6,290.8 1 0
github.com/anthropic/swisseph-mcp/pkg/transit/transit.go:295.4,295.44 1 1
github.com/anthropic/swisseph-mcp/pkg/transit/transit.go:295.44,298.5 2 1
github.com/anthropic/swisseph-mcp/pkg/transit/transit.go:301.4,301.45 1 1
github.com/anthropic/swisseph-mcp/pkg/transit/transit.go:301.45,304.5 2 1
github.com/anthropic/swisseph-mcp/pkg/transit/transit.go:307.4,307.37 1 1
github.com/anthropic/swisseph-mcp/pkg/transit/transit.go:307.37,309.35 2 1
github.com/anthropic/swisseph-mcp/pkg/transit/transit.go:309.35,317.6 2 1
github.com/anthropic/swisseph-mcp/pkg/transit/transit.go:321.4,321.37 1 1
github.com/anthropic/swisseph-mcp/pkg/transit/transit.go:321.37,322.63 1 1
github.com/anthropic/swisseph-mcp/pkg/transit/transit.go:322.63,323.45 1 1
github.com/anthropic/swisseph-mcp/pkg/transit/transit.go:323.45,324.15 1 1
github.com/anthropic/swisseph-mcp/pkg/transit/transit.go:326.6,333.46 3 1
github.com/anthropic/swisseph-mcp/pkg/transit/transit.go:336.5,336.35 1 1
github.com/anthropic/swisseph-mcp/pkg/transit/transit.go:336.35,337.64 1 0
github.com/anthropic/swisseph-mcp/pkg/transit/transit.go:337.64,346.7 3 0
github.com/anthropic/swisseph-mcp/pkg/transit/transit.go:352.3,352.66 1 1
github.com/anthropic/swisseph-mcp/pkg/transit/transit.go:352.66,353.62 1 1
github.com/anthropic/swisseph-mcp/pkg/transit/transit.go:353.62,358.35 4 1
github.com/anthropic/swisseph-mcp/pkg/transit/transit.go:358.35,366.6 2 1
github.com/anthropic/swisseph-mcp/pkg/transit/transit.go:374.2,374.65 1 1
github.com/anthropic/swisseph-mcp/pkg/transit/transit.go:374.65,375.57 1 1
github.com/anthropic/swisseph-mcp/pkg/transit/transit.go:375.57,382.37 3 1
github.com/anthropic/swisseph-mcp/pkg/transit/transit.go:382.37,384.35 2 1
github.com/anthropic/swisseph-mcp/pkg/transit/transit.go:384.35,392.6 2 1
github.com/anthropic/swisseph-mcp/pkg/transit/transit.go:396.4,396.44 1 1
github.com/anthropic/swisseph-mcp/pkg/transit/transit.go:396.44,399.5 2 1
github.com/anthropic/swisseph-mcp/pkg/transit/transit.go:402.4,402.45 1 1
github.com/anthropic/swisseph-mcp/pkg/transit/transit.go:402.45,405.5 2 1
github.com/anthropic/swisseph-mcp/pkg/transit/transit.go:409.3,409.66 1 1
github.com/anthropic/swisseph-mcp/pkg/transit/transit.go:409.66,410.58 1 1
github.com/anthropic/swisseph-mcp/pkg/transit/transit.go:410.58,416.35 4 1
github.com/anthropic/swisseph-mcp/pkg/transit/transit.go:416.35,424.6 2 1
github.com/anthropic/swisseph-mcp/pkg/transit/transit.go:432.2,432.43 1 1
github.com/anthropic/swisseph-mcp/pkg/transit/transit.go:432.43,435.3 2 1
github.com/anthropic/swisseph-mcp/pkg/transit/transit.go:438.2,438.44 1 1
github.com/anthropic/swisseph-mcp/pkg/transit/transit.go:438.44,440.3 1 1
github.com/anthropic/swisseph-mcp/pkg/transit/transit.go:442.2,442.23 1 1
github.com/anthropic/swisseph-mcp/pkg/transit/transit.go:449.61,450.52 1 1
github.com/anthropic/swisseph-mcp/pkg/transit/transit.go:450.52,452.3 1 1
github.com/anthropic/swisseph-mcp/pkg/transit/transit.go:455.83,456.52 1 1
github.com/anthropic/swisseph-mcp/pkg/transit/transit.go:456.52,458.3 1 1
github.com/anthropic/swisseph-mcp/pkg/transit/transit.go:461.79,462.52 1 1
github.com/anthropic/swisseph-mcp/pkg/transit/transit.go:462.52,464.3 1 1
github.com/anthropic/swisseph-mcp/pkg/transit/transit.go:468.118,469.52 1 1
github.com/anthropic/swisseph-mcp/pkg/transit/transit.go:469.52,471.17 2 1
github.com/anthropic/swisseph-mcp/pkg/transit/transit.go:471.17,473.4 1 0
github.com/anthropic/swisseph-mcp/pkg/transit/transit.go:475.3,477.17 3 1
github.com/anthropic/swisseph-mcp/pkg/transit/transit.go:477.17,479.4 1 0
github.com/anthropic/swisseph-mcp/pkg/transit/transit.go:480.3,482.18 2 1
github.com/anthropic/swisseph-mcp/pkg/transit/transit.go:482.18,484.4 1 1
github.com/anthropic/swisseph-mcp/pkg/transit/transit.go:484.9,484.26 1 1
github.com/anthropic/swisseph-mcp/pkg/transit/transit.go:484.26,486.4 1 1
github.com/anthropic/swisseph-mcp/pkg/transit/transit.go:487.3,487.27 1 1
github.com/anthropic/swisseph-mcp/pkg/transit/transit.go:493.140,494.52 1 1
github.com/anthropic/swisseph-mcp/pkg/transit/transit.go:494.52,496.17 2 1
github.com/anthropic/swisseph-mcp/pkg/transit/transit.go:496.17,498.4 1 0
github.com/anthropic/swisseph-mcp/pkg/transit/transit.go:500.3,502.17 3 1
github.com/anthropic/swisseph-mcp/pkg/transit/transit.go:502.17,504.4 1 0
github.com/anthropic/swisseph-mcp/pkg/transit/transit.go:505.3,506.18 2 1
github.com/anthropic/swisseph-mcp/pkg/transit/transit.go:506.18,508.4 1 0
github.com/anthropic/swisseph-mcp/pkg/transit/transit.go:508.9,508.26 1 1
github.com/anthropic/swisseph-mcp/pkg/transit/transit.go:508.26,510.4 1 0
github.com/anthropic/swisseph-mcp/pkg/transit/transit.go:511.3,511.27 1 1
github.com/anthropic/swisseph-mcp/pkg/transit/transit.go:517.136,520.52 2 1
github.com/anthropic/swisseph-mcp/pkg/transit/transit.go:520.52,522.17 2 1
github.com/anthropic/swisseph-mcp/pkg/transit/transit.go:522.17,524.4 1 0
github.com/anthropic/swisseph-mcp/pkg/transit/transit.go:525.3,530.30 5 1
github.com/anthropic/swisseph-mcp/pkg/transit/transit.go:538.102,542.63 2 1
github.com/anthropic/swisseph-mcp/pkg/transit/transit.go:542.63,544.3 1 1
github.com/anthropic/swisseph-mcp/pkg/transit/transit.go:546.2,548.58 2 1
github.com/anthropic/swisseph-mcp/pkg/transit/transit.go:548.58,551.29 2 1
github.com/anthropic/swisseph-mcp/pkg/transit/transit.go:551.29,558.4 3 1
github.com/anthropic/swisseph-mcp/pkg/transit/transit.go:559.3,559.23 1 1
github.com/anthropic/swisseph-mcp/pkg/transit/transit.go:562.2,562.17 1 1
github.com/anthropic/swisseph-mcp/pkg/transit/transit.go:565.56,567.16 2 1
github.com/anthropic/swisseph-mcp/pkg/transit/transit.go:567.16,569.3 1 0
github.com/anthropic/swisseph-mcp/pkg/transit/transit.go:570.2,570.14 1 1
github.com/anthropic/swisseph-mcp/pkg/transit/transit.go:573.65,576.24 2 1
github.com/anthropic/swisseph-mcp/pkg/transit/transit.go:576.24,579.28 3 1
github.com/anthropic/swisseph-mcp/pkg/transit/transit.go:579.28,581.4 1 1
github.com/anthropic/swisseph-mcp/pkg/transit/transit.go:581.9,584.4 2 1
github.com/anthropic/swisseph-mcp/pkg/transit/transit.go:586.2,586.22 1 1
github.com/anthropic/swisseph-mcp/pkg/transit/transit.go:593.88,596.30 3 1
github.com/anthropic/swisseph-mcp/pkg/transit/transit.go:596.30,597.37 1 1
github.com/anthropic/swisseph-mcp/pkg/transit/transit.go:597.37,600.4 2 1
github.com/anthropic/swisseph-mcp/pkg/transit/transit.go:602.2,602.18 1 1
github.com/anthropic/swisseph-mcp/pkg/transit/transit.go:602.18,604.3 1 1
github.com/anthropic/swisseph-mcp/pkg/transit/transit.go:605.2,605.18 1 1
github.com/anthropic/swisseph-mcp/pkg/transit/transit.go:618.25,621.45 2 1
github.com/anthropic/swisseph-mcp/pkg/transit/transit.go:621.45,623.15 2 1
github.com/anthropic/swisseph-mcp/pkg/transit/transit.go:623.15,624.12 1 1
github.com/anthropic/swisseph-mcp/pkg/transit/transit.go:627.3,631.25 3 1
github.com/anthropic/swisseph-mcp/pkg/transit/transit.go:631.25,634.33 3 1
github.com/anthropic/swisseph-mcp/pkg/transit/transit.go:634.33,656.5 3 1
github.com/anthropic/swisseph-mcp/pkg/transit/transit.go:659.3,659.38 1 1
github.com/anthropic/swisseph-mcp/pkg/transit/transit.go:659.38,665.77 5 1
github.com/anthropic/swisseph-mcp/pkg/transit/transit.go:665.77,666.26 1 1
github.com/anthropic/swisseph-mcp/pkg/transit/transit.go:666.26,668.6 1 1
github.com/anthropic/swisseph-mcp/pkg/transit/transit.go:669.5,673.74 3 1
github.com/anthropic/swisseph-mcp/pkg/transit/transit.go:673.74,698.6 5 1
github.com/anthropic/swisseph-mcp/pkg/transit/transit.go:702.5,702.82 1 1
github.com/anthropic/swisseph-mcp/pkg/transit/transit.go:702.82,727.6 5 1
github.com/anthropic/swisseph-mcp/pkg/transit/transit.go:730.5,730.73 1 1
github.com/anthropic/swisseph-mcp/pkg/transit/transit.go:730.73,755.6 5 1
github.com/anthropic/swisseph-mcp/pkg/transit/transit.go:757.5,760.27 3 1
github.com/anthropic/swisseph-mcp/pkg/transit/transit.go:760.27,761.11 1 1
github.com/anthropic/swisseph-mcp/pkg/transit/transit.go:767.2,767.15 1 1
github.com/anthropic/swisseph-mcp/pkg/transit/transit.go:771.61,774.31 3 1
github.com/anthropic/swisseph-mcp/pkg/transit/transit.go:774.31,777.14 3 1
github.com/anthropic/swisseph-mcp/pkg/transit/transit.go:777.14,779.4 1 1
github.com/anthropic/swisseph-mcp/pkg/transit/transit.go:780.3,780.26 1 1
github.com/anthropic/swisseph-mcp/pkg/transit/transit.go:780.26,782.4 1 1
github.com/anthropic/swisseph-mcp/pkg/transit/transit.go:782.9,784.4 1 1
github.com/anthropic/swisseph-mcp/pkg/transit/transit.go:786.2,786.15 1 1
github.com/anthropic/swisseph-mcp/pkg/transit/transit.go:801.25,810.74 7 1
github.com/anthropic/swisseph-mcp/pkg/transit/transit.go:810.74,813.3 1 0
github.com/anthropic/swisseph-mcp/pkg/transit/transit.go:814.2,814.28 1 1
github.com/anthropic/swisseph-mcp/pkg/transit/transit.go:814.28,816.3 1 0
github.com/anthropic/swisseph-mcp/pkg/transit/transit.go:818.2,818.45 1 1
github.com/anthropic/swisseph-mcp/pkg/transit/transit.go:818.45,820.15 2 1
github.com/anthropic/swisseph-mcp/pkg/transit/transit.go:820.15,821.12 1 1
github.com/anthropic/swisseph-mcp/pkg/transit/transit.go:824.3,831.32 6 1
github.com/anthropic/swisseph-mcp/pkg/transit/transit.go:831.32,854.4 4 1
github.com/anthropic/swisseph-mcp/pkg/transit/transit.go:856.3,856.41 1 1
github.com/anthropic/swisseph-mcp/pkg/transit/transit.go:856.41,865.76 6 1
github.com/anthropic/swisseph-mcp/pkg/transit/transit.go:865.76,866.25 1 1
github.com/anthropic/swisseph-mcp/pkg/transit/transit.go:866.25,868.5 1 1
github.com/anthropic/swisseph-mcp/pkg/transit/transit.go:870.4,875.73 4 1
github.com/anthropic/swisseph-mcp/pkg/transit/transit.go:875.73,902.5 7 1
github.com/anthropic/swisseph-mcp/pkg/transit/transit.go:905.4,905.81 1 1
github.com/anthropic/swisseph-mcp/pkg/transit/transit.go:905.81,932.5 7 1
github.com/anthropic/swisseph-mcp/pkg/transit/transit.go:935.4,935.72 1 1
github.com/anthropic/swisseph-mcp/pkg/transit/transit.go:935.72,962.5 7 1
github.com/anthropic/swisseph-mcp/pkg/transit/transit.go:964.4,967.26 3 1
github.com/anthropic/swisseph-mcp/pkg/transit/transit.go:967.26,968.10 1 1
github.com/anthropic/swisseph-mcp/pkg/transit/transit.go:974.2,974.15 1 1
github.com/anthropic/swisseph-mcp/pkg/transit/transit.go:982.90,985.37 2 1
github.com/anthropic/swisseph-mcp/pkg/transit/transit.go:985.37,991.76 5 1
github.com/anthropic/swisseph-mcp/pkg/transit/transit.go:991.76,992.25 1 1
github.com/anthropic/swisseph-mcp/pkg/transit/transit.go:992.25,994.5 1 1
github.com/anthropic/swisseph-mcp/pkg/transit/transit.go:995.4,998.27 3 1
github.com/anthropic/swisseph-mcp/pkg/transit/transit.go:998.27,1019.5 6 1
github.com/anthropic/swisseph-mcp/pkg/transit/transit.go:1021.4,1024.26 3 1
github.com/anthropic/swisseph-mcp/pkg/transit/transit.go:1024.26,1025.10 1 1
github.com/anthropic/swisseph-mcp/pkg/transit/transit.go:1029.2,1029.15 1 1
github.com/anthropic/swisseph-mcp/pkg/transit/transit.go:1033.90,1035.27 2 1
github.com/anthropic/swisseph-mcp/pkg/transit/transit.go:1035.27,1037.3 1 0
github.com/anthropic/swisseph-mcp/pkg/transit/transit.go:1039.2,1039.37 1 1
github.com/anthropic/swisseph-mcp/pkg/transit/transit.go:1039.37,1045.76 5 1
github.com/anthropic/swisseph-mcp/pkg/transit/transit.go:1045.76,1046.25 1 1
github.com/anthropic/swisseph-mcp/pkg/transit/transit.go:1046.25,1048.5 1 1
github.com/anthropic/swisseph-mcp/pkg/transit/transit.go:1049.4,1052.29 3 1
github.com/anthropic/swisseph-mcp/pkg/transit/transit.go:1052.29,1070.5 4 1
github.com/anthropic/swisseph-mcp/pkg/transit/transit.go:1072.4,1075.26 3 1
github.com/anthropic/swisseph-mcp/pkg/transit/transit.go:1075.26,1076.10 1 1
github.com/anthropic/swisseph-mcp/pkg/transit/transit.go:1080.2,1080.15 1 1
github.com/anthropic/swisseph-mcp/pkg/transit/transit.go:1091.99,1105.27 4 1
github.com/anthropic/swisseph-mcp/pkg/transit/transit.go:1105.27,1111.37 3 1
github.com/anthropic/swisseph-mcp/pkg/transit/transit.go:1111.37,1112.12 1 1
github.com/anthropic/swisseph-mcp/pkg/transit/transit.go:1115.3,1115.22 1 1
github.com/anthropic/swisseph-mcp/pkg/transit/transit.go:1116.32,1117.77 1 1
github.com/anthropic/swisseph-mcp/pkg/transit/transit.go:1118.32,1119.77 1 1
github.com/anthropic/swisseph-mcp/pkg/transit/transit.go:1120.32,1121.77 1 1
github.com/anthropic/swisseph-mcp/pkg/transit/transit.go:1122.32,1123.20 1 1
github.com/anthropic/swisseph-mcp/pkg/transit/transit.go:1123.20,1125.5 1 1
github.com/anthropic/swisseph-mcp/pkg/transit/transit.go:1129.2,1129.43 1 1
github.com/anthropic/swisseph-mcp/pkg/transit/transit.go:1129.43,1131.3 1 1
github.com/anthropic/swisseph-mcp/pkg/transit/transit.go:1137.2,1137.37 1 1
github.com/anthropic/swisseph-mcp/pkg/transit/transit.go:1137.37,1138.29 1 1
github.com/anthropic/swisseph-mcp/pkg/transit/transit.go:1138.29,1139.12 1 1
github.com/anthropic/swisseph-mcp/pkg/transit/transit.go:1141.3,1146.31 3 1
github.com/anthropic/swisseph-mcp/pkg/transit/transit.go:1146.31,1147.29 1 1
github.com/anthropic/swisseph-mcp/pkg/transit/transit.go:1147.29,1148.10 1 0
github.com/anthropic/swisseph-mcp/pkg/transit/transit.go:1150.4,1150.73 1 1
github.com/anthropic/swisseph-mcp/pkg/transit/transit.go:1150.73,1153.10 3 1
github.com/anthropic/swisseph-mcp/pkg/transit/transit.go:1157.3,1157.23 1 1
github.com/anthropic/swisseph-mcp/pkg/transit/transit.go:1157.23,1165.51 6 1
github.com/anthropic/swisseph-mcp/pkg/transit/transit.go:1165.51,1171.5 4 1
github.com/anthropic/swisseph-mcp/pkg/transit/transit.go:1173.4,1187.6 1 1
github.com/anthropic/swisseph-mcp/pkg/transit/transit.go:1191.2,1191.18 1 1
github.com/anthropic/swisseph-mcp/pkg/transit/transit.go:1202.65,1203.22 1 1
github.com/anthropic/swisseph-mcp/pkg/transit/transit.go:1203.22,1206.3 1 1
github.com/anthropic/swisseph-mcp/pkg/transit/transit.go:1207.2,1207.24 1 1
github.com/anthropic/swisseph-mcp/pkg/transit/transit.go:1207.24,1210.3 1 1
github.com/anthropic/swisseph-mcp/pkg/transit/transit.go:1212.2,1213.45 2 1
github.com/anthropic/swisseph-mcp/pkg/transit/transit.go:1220.80,1222.15 2 1
github.com/anthropic/swisseph-mcp/pkg/transit/transit.go:1222.15,1224.3 1 1
github.com/anthropic/swisseph-mcp/pkg/transit/transit.go:1225.2,1226.33 2 1
github.com/anthropic/swisseph-mcp/pkg/transit/transit.go:1229.48,1231.16 2 1
github.com/anthropic/swisseph-mcp/pkg/transit/transit.go:1231.16,1233.3 1 1
github.com/anthropic/swisseph-mcp/pkg/transit/transit.go:1234.2,1234.13 1 1
github.com/anthropic/swisseph-mcp/pkg/transit/transit.go:1237.35,1239.11 2 1
github.com/anthropic/swisseph-mcp/pkg/transit/transit.go:1239.11,1241.3 1 1
github.com/anthropic/swisseph-mcp/pkg/transit/transit.go:1242.2,1242.16 1 1
github.com/anthropic/swisseph-mcp/pkg/transit/transit.go:1249.111,1250.24 1 1
github.com/anthropic/swisseph-mcp/pkg/transit/transit.go:1250.24,1255.15 4 1
github.com/anthropic/swisseph-mcp/pkg/transit/transit.go:1255.15,1256.21 1 1
github.com/anthropic/swisseph-mcp/pkg/transit/transit.go:1256.21,1258.5 1 1
github.com/anthropic/swisseph-mcp/pkg/transit/transit.go:1258.10,1260.5 1 1
github.com/anthropic/swisseph-mcp/pkg/transit/transit.go:1261.9,1262.22 1 1
github.com/anthropic/swisseph-mcp/pkg/transit/transit.go:1262.22,1264.5 1 1
github.com/anthropic/swisseph-mcp/pkg/transit/transit.go:1264.10,1266.5 1 1
github.com/anthropic/swisseph-mcp/pkg/transit/transit.go:1269.2,1269.22 1 1
github.com/anthropic/swisseph-mcp/pkg/transit/transit.go:1272.87,1276.24 3 1
github.com/anthropic/swisseph-mcp/pkg/transit/transit.go:1276.24,1281.26 4 1
github.com/anthropic/swisseph-mcp/pkg/transit/transit.go:1281.26,1283.4 1 1
github.com/anthropic/swisseph-mcp/pkg/transit/transit.go:1283.9,1286.4 2 1
github.com/anthropic/swisseph-mcp/pkg/transit/transit.go:1288.2,1288.22 1 1
github.com/anthropic/swisseph-mcp/pkg/transit/transit.go:1291.113,1292.24 1 1
github.com/anthropic/swisseph-mcp/pkg/transit/transit.go:1292.24,1298.15 5 1
github.com/anthropic/swisseph-mcp/pkg/transit/transit.go:1298.15,1299.21 1 1
github.com/anthropic/swisseph-mcp/pkg/transit/transit.go:1299.21,1301.5 1 1
github.com/anthropic/swisseph-mcp/pkg/transit/transit.go:1301.10,1303.5 1 1
github.com/anthropic/swisseph-mcp/pkg/transit/transit.go:1304.9,1305.22 1 1
github.com/anthropic/swisseph-mcp/pkg/transit/transit.go:1305.22,1307.5 1 1
github.com/anthropic/swisseph-mcp/pkg/transit/transit.go:1307.10,1309.5 1 1
github.com/anthropic/swisseph-mcp/pkg/transit/transit.go:1312.2,1312.22 1 1
github.com/anthropic/swisseph-mcp/pkg/transit/transit.go:1315.89,1320.24 4 1
github.com/anthropic/swisseph-mcp/pkg/transit/transit.go:1320.24,1326.26 5 1
github.com/anthropic/swisseph-mcp/pkg/transit/transit.go:1326.26,1328.4 1 1
github.com/anthropic/swisseph-mcp/pkg/transit/transit.go:1328.9,1331.4 2 1
github.com/anthropic/swisseph-mcp/pkg/transit/transit.go:1333.2,1333.22 1 1
github.com/anthropic/swisseph-mcp/pkg/transit/transit.go:1336.84,1337.24 1 1
github.com/anthropic/swisseph-mcp/pkg/transit/transit.go:1337.24,1341.26 4 1
github.com/anthropic/swisseph-mcp/pkg/transit/transit.go:1341.26,1343.4 1 1
github.com/anthropic/swisseph-mcp/pkg/transit/transit.go:1343.9,1345.4 1 1
github.com/anthropic/swisseph-mcp/pkg/transit/transit.go:1347.2,1347.22 1 1
github.com/anthropic/swisseph-mcp/pkg/transit/transit.go:1350.103,1351.24 1 1
github.com/anthropic/swisseph-mcp/pkg/transit/transit.go:1351.24,1355.28 4 1
github.com/anthropic/swisseph-mcp/pkg/transit/transit.go:1355.28,1357.4 1 1
github.com/anthropic/swisseph-mcp/pkg/transit/transit.go:1357.9,1359.4 1 1
github.com/anthropic/swisseph-mcp/pkg/transit/transit.go:1361.2,1361.22 1 1
